26-Jul-2024 09:33:01.646 INFO [main] org.apache.catalina.startup.VersionLoggerListener.log 서버 버전 이름:    Apache Tomcat/10.1.25
26-Jul-2024 09:33:01.653 INFO [main] org.apache.catalina.startup.VersionLoggerListener.log Server 빌드 시각:  Jun 14 2024 19:31:59 UTC
26-Jul-2024 09:33:01.653 INFO [main] org.apache.catalina.startup.VersionLoggerListener.log Server 버전 번호:  10.1.25.0
26-Jul-2024 09:33:01.653 INFO [main] org.apache.catalina.startup.VersionLoggerListener.log 운영체제 이름:     Windows 11
26-Jul-2024 09:33:01.653 INFO [main] org.apache.catalina.startup.VersionLoggerListener.log 운영체제 버전:     10.0
26-Jul-2024 09:33:01.653 INFO [main] org.apache.catalina.startup.VersionLoggerListener.log 아키텍처:          amd64
26-Jul-2024 09:33:01.653 INFO [main] org.apache.catalina.startup.VersionLoggerListener.log 자바 홈:           C:\Program Files\Java\jdk-17
26-Jul-2024 09:33:01.653 INFO [main] org.apache.catalina.startup.VersionLoggerListener.log JVM 버전:          17.0.10+11-LTS-240
26-Jul-2024 09:33:01.654 INFO [main] org.apache.catalina.startup.VersionLoggerListener.log JVM 벤더:          Oracle Corporation
26-Jul-2024 09:33:01.654 INFO [main] org.apache.catalina.startup.VersionLoggerListener.log CATALINA_BASE:     C:\Project_back\PlantLab
26-Jul-2024 09:33:01.654 INFO [main] org.apache.catalina.startup.VersionLoggerListener.log CATALINA_HOME:     C:\devTools\apache-tomcat-10.1.25
26-Jul-2024 09:33:01.662 INFO [main] org.apache.catalina.startup.VersionLoggerListener.log 명령 행 아규먼트:  --add-opens=java.base/java.lang=ALL-UNNAMED
26-Jul-2024 09:33:01.662 INFO [main] org.apache.catalina.startup.VersionLoggerListener.log 명령 행 아규먼트:  --add-opens=java.base/java.io=ALL-UNNAMED
26-Jul-2024 09:33:01.662 INFO [main] org.apache.catalina.startup.VersionLoggerListener.log 명령 행 아규먼트:  --add-opens=java.base/java.util=ALL-UNNAMED
26-Jul-2024 09:33:01.662 INFO [main] org.apache.catalina.startup.VersionLoggerListener.log 명령 행 아규먼트:  --add-opens=java.base/java.util.concurrent=ALL-UNNAMED
26-Jul-2024 09:33:01.662 INFO [main] org.apache.catalina.startup.VersionLoggerListener.log 명령 행 아규먼트:  --add-opens=java.rmi/sun.rmi.transport=ALL-UNNAMED
26-Jul-2024 09:33:01.663 INFO [main] org.apache.catalina.startup.VersionLoggerListener.log 명령 행 아규먼트:  -Dfile.encoding=UTF-8
26-Jul-2024 09:33:01.663 INFO [main] org.apache.catalina.startup.VersionLoggerListener.log 명령 행 아규먼트:  -Dcatalina.home=C:\devTools\apache-tomcat-10.1.25
26-Jul-2024 09:33:01.663 INFO [main] org.apache.catalina.startup.VersionLoggerListener.log 명령 행 아규먼트:  -Dcatalina.base=C:\Project_back\PlantLab
26-Jul-2024 09:33:01.663 INFO [main] org.apache.catalina.startup.VersionLoggerListener.log 명령 행 아규먼트:  -Djava.io.tmpdir=C:\Project_back\PlantLab\temp
26-Jul-2024 09:33:01.663 INFO [main] org.apache.catalina.startup.VersionLoggerListener.log 명령 행 아규먼트:  -Djava.util.logging.config.file=C:\Project_back\PlantLab\conf\logging.properties
26-Jul-2024 09:33:01.664 INFO [main] org.apache.catalina.startup.VersionLoggerListener.log 명령 행 아규먼트:  -Djava.util.logging.manager=org.apache.juli.ClassLoaderLogManager
26-Jul-2024 09:33:01.664 INFO [main] org.apache.catalina.startup.VersionLoggerListener.log 명령 행 아규먼트:  -javaagent:C:\Program Files\JetBrains\IntelliJ IDEA 2024.1\lib\idea_rt.jar=51597:C:\Program Files\JetBrains\IntelliJ IDEA 2024.1\bin
26-Jul-2024 09:33:01.668 INFO [main] org.apache.catalina.core.AprLifecycleListener.lifecycleEvent APR 버전 [1.7.4]을(를) 사용한, APR 기반 Apache Tomcat Native 라이브러리 [2.0.7]을(를) 로드했습니다.
26-Jul-2024 09:33:01.686 INFO [main] org.apache.catalina.core.AprLifecycleListener.initializeSSL OpenSSL이 성공적으로 초기화되었습니다: [OpenSSL 3.0.13 30 Jan 2024]
26-Jul-2024 09:33:01.912 INFO [main] org.apache.coyote.AbstractProtocol.init 프로토콜 핸들러 ["http-nio-8090"]을(를) 초기화합니다.
26-Jul-2024 09:33:01.936 INFO [main] org.apache.catalina.startup.Catalina.load [556] 밀리초 내에 서버가 초기화되었습니다.
26-Jul-2024 09:33:02.011 INFO [main] org.apache.catalina.core.StandardService.startInternal 서비스 [Catalina]을(를) 시작합니다.
26-Jul-2024 09:33:02.011 INFO [main] org.apache.catalina.core.StandardEngine.startInternal 서버 엔진을 시작합니다: [Apache Tomcat/10.1.25]
26-Jul-2024 09:33:02.031 INFO [main] org.apache.catalina.startup.HostConfig.deployDescriptor 배치 descriptor [C:\Project_back\PlantLab\conf\Catalina\localhost\ROOT.xml]을(를) 배치합니다.
26-Jul-2024 09:33:04.379 INFO [main] org.apache.jasper.servlet.TldScanner.scanJars 적어도 하나의 JAR가 TLD들을 찾기 위해 스캔되었으나 아무 것도 찾지 못했습니다. 스캔했으나 TLD가 없는 JAR들의 전체 목록을 보시려면, 로그 레벨을 디버그 레벨로 설정하십시오. 스캔 과정에서 불필요한 JAR들을 건너뛰면, 시스템 시작 시간과 JSP 컴파일 시간을 단축시킬 수 있습니다.
26-Jul-2024 09:33:04.473 INFO [main] org.springframework.web.context.ContextLoader.initWebApplicationContext Root WebApplicationContext: initialization started
26-Jul-2024 09:33:05.815 INFO [main] org.springframework.web.context.ContextLoader.initWebApplicationContext Root WebApplicationContext initialized in 1340 ms
26-Jul-2024 09:33:05.886 INFO [main] org.apache.catalina.startup.HostConfig.deployDescriptor 배치 descriptor [C:\Project_back\PlantLab\conf\Catalina\localhost\ROOT.xml]의 배치가 [3,851] 밀리초 내에 완료되었습니다.
26-Jul-2024 09:33:05.893 INFO [main] org.apache.coyote.AbstractProtocol.start 프로토콜 핸들러 ["http-nio-8090"]을(를) 시작합니다.
26-Jul-2024 09:33:05.956 INFO [main] org.apache.catalina.startup.Catalina.start 서버가 [4019] 밀리초 내에 시작되었습니다.
26-Jul-2024 09:33:08.423 INFO [http-nio-8090-exec-4] org.springframework.web.servlet.FrameworkServlet.initServletBean Initializing Servlet 'appServlet'
26-Jul-2024 09:33:09.221 INFO [http-nio-8090-exec-4] org.springframework.web.servlet.FrameworkServlet.initServletBean Completed initialization in 798 ms
26-Jul-2024 09:54:22.185 INFO [Thread-1] org.apache.coyote.AbstractProtocol.pause 프로토콜 핸들러 ["http-nio-8090"]을(를) 일시 정지 중
26-Jul-2024 09:54:22.356 INFO [Thread-1] org.apache.catalina.core.StandardService.stopInternal 서비스 [Catalina]을(를) 중지시킵니다.
26-Jul-2024 09:54:22.393 INFO [Thread-1] org.apache.coyote.AbstractProtocol.stop 프로토콜 핸들러 ["http-nio-8090"]을(를) 중지시킵니다.
26-Jul-2024 09:54:22.403 INFO [Thread-1] org.apache.coyote.AbstractProtocol.destroy 프로토콜 핸들러 ["http-nio-8090"]을(를) 소멸시킵니다.
26-Jul-2024 09:54:24.932 INFO [main] org.apache.catalina.startup.VersionLoggerListener.log 서버 버전 이름:    Apache Tomcat/10.1.25
26-Jul-2024 09:54:24.936 INFO [main] org.apache.catalina.startup.VersionLoggerListener.log Server 빌드 시각:  Jun 14 2024 19:31:59 UTC
26-Jul-2024 09:54:24.936 INFO [main] org.apache.catalina.startup.VersionLoggerListener.log Server 버전 번호:  10.1.25.0
26-Jul-2024 09:54:24.936 INFO [main] org.apache.catalina.startup.VersionLoggerListener.log 운영체제 이름:     Windows 11
26-Jul-2024 09:54:24.936 INFO [main] org.apache.catalina.startup.VersionLoggerListener.log 운영체제 버전:     10.0
26-Jul-2024 09:54:24.937 INFO [main] org.apache.catalina.startup.VersionLoggerListener.log 아키텍처:          amd64
26-Jul-2024 09:54:24.937 INFO [main] org.apache.catalina.startup.VersionLoggerListener.log 자바 홈:           C:\Program Files\Java\jdk-17
26-Jul-2024 09:54:24.937 INFO [main] org.apache.catalina.startup.VersionLoggerListener.log JVM 버전:          17.0.10+11-LTS-240
26-Jul-2024 09:54:24.937 INFO [main] org.apache.catalina.startup.VersionLoggerListener.log JVM 벤더:          Oracle Corporation
26-Jul-2024 09:54:24.937 INFO [main] org.apache.catalina.startup.VersionLoggerListener.log CATALINA_BASE:     C:\Project_back\PlantLab
26-Jul-2024 09:54:24.937 INFO [main] org.apache.catalina.startup.VersionLoggerListener.log CATALINA_HOME:     C:\devTools\apache-tomcat-10.1.25
26-Jul-2024 09:54:24.945 INFO [main] org.apache.catalina.startup.VersionLoggerListener.log 명령 행 아규먼트:  --add-opens=java.base/java.lang=ALL-UNNAMED
26-Jul-2024 09:54:24.945 INFO [main] org.apache.catalina.startup.VersionLoggerListener.log 명령 행 아규먼트:  --add-opens=java.base/java.io=ALL-UNNAMED
26-Jul-2024 09:54:24.945 INFO [main] org.apache.catalina.startup.VersionLoggerListener.log 명령 행 아규먼트:  --add-opens=java.base/java.util=ALL-UNNAMED
26-Jul-2024 09:54:24.945 INFO [main] org.apache.catalina.startup.VersionLoggerListener.log 명령 행 아규먼트:  --add-opens=java.base/java.util.concurrent=ALL-UNNAMED
26-Jul-2024 09:54:24.945 INFO [main] org.apache.catalina.startup.VersionLoggerListener.log 명령 행 아규먼트:  --add-opens=java.rmi/sun.rmi.transport=ALL-UNNAMED
26-Jul-2024 09:54:24.946 INFO [main] org.apache.catalina.startup.VersionLoggerListener.log 명령 행 아규먼트:  -Dfile.encoding=UTF-8
26-Jul-2024 09:54:24.946 INFO [main] org.apache.catalina.startup.VersionLoggerListener.log 명령 행 아규먼트:  -Dcatalina.home=C:\devTools\apache-tomcat-10.1.25
26-Jul-2024 09:54:24.946 INFO [main] org.apache.catalina.startup.VersionLoggerListener.log 명령 행 아규먼트:  -Dcatalina.base=C:\Project_back\PlantLab
26-Jul-2024 09:54:24.946 INFO [main] org.apache.catalina.startup.VersionLoggerListener.log 명령 행 아규먼트:  -Djava.io.tmpdir=C:\Project_back\PlantLab\temp
26-Jul-2024 09:54:24.947 INFO [main] org.apache.catalina.startup.VersionLoggerListener.log 명령 행 아규먼트:  -Djava.util.logging.config.file=C:\Project_back\PlantLab\conf\logging.properties
26-Jul-2024 09:54:24.947 INFO [main] org.apache.catalina.startup.VersionLoggerListener.log 명령 행 아규먼트:  -Djava.util.logging.manager=org.apache.juli.ClassLoaderLogManager
26-Jul-2024 09:54:24.947 INFO [main] org.apache.catalina.startup.VersionLoggerListener.log 명령 행 아규먼트:  -javaagent:C:\Program Files\JetBrains\IntelliJ IDEA 2024.1\lib\idea_rt.jar=52004:C:\Program Files\JetBrains\IntelliJ IDEA 2024.1\bin
26-Jul-2024 09:54:24.949 INFO [main] org.apache.catalina.core.AprLifecycleListener.lifecycleEvent APR 버전 [1.7.4]을(를) 사용한, APR 기반 Apache Tomcat Native 라이브러리 [2.0.7]을(를) 로드했습니다.
26-Jul-2024 09:54:24.954 INFO [main] org.apache.catalina.core.AprLifecycleListener.initializeSSL OpenSSL이 성공적으로 초기화되었습니다: [OpenSSL 3.0.13 30 Jan 2024]
26-Jul-2024 09:54:25.142 INFO [main] org.apache.coyote.AbstractProtocol.init 프로토콜 핸들러 ["http-nio-8090"]을(를) 초기화합니다.
26-Jul-2024 09:54:25.166 INFO [main] org.apache.catalina.startup.Catalina.load [415] 밀리초 내에 서버가 초기화되었습니다.
26-Jul-2024 09:54:25.241 INFO [main] org.apache.catalina.core.StandardService.startInternal 서비스 [Catalina]을(를) 시작합니다.
26-Jul-2024 09:54:25.241 INFO [main] org.apache.catalina.core.StandardEngine.startInternal 서버 엔진을 시작합니다: [Apache Tomcat/10.1.25]
26-Jul-2024 09:54:25.255 INFO [main] org.apache.catalina.startup.HostConfig.deployDescriptor 배치 descriptor [C:\Project_back\PlantLab\conf\Catalina\localhost\ROOT.xml]을(를) 배치합니다.
26-Jul-2024 09:54:27.309 INFO [main] org.apache.jasper.servlet.TldScanner.scanJars 적어도 하나의 JAR가 TLD들을 찾기 위해 스캔되었으나 아무 것도 찾지 못했습니다. 스캔했으나 TLD가 없는 JAR들의 전체 목록을 보시려면, 로그 레벨을 디버그 레벨로 설정하십시오. 스캔 과정에서 불필요한 JAR들을 건너뛰면, 시스템 시작 시간과 JSP 컴파일 시간을 단축시킬 수 있습니다.
26-Jul-2024 09:54:27.376 INFO [main] org.springframework.web.context.ContextLoader.initWebApplicationContext Root WebApplicationContext: initialization started
26-Jul-2024 09:54:28.606 INFO [main] org.springframework.web.context.ContextLoader.initWebApplicationContext Root WebApplicationContext initialized in 1227 ms
26-Jul-2024 09:54:28.667 INFO [main] org.apache.catalina.startup.HostConfig.deployDescriptor 배치 descriptor [C:\Project_back\PlantLab\conf\Catalina\localhost\ROOT.xml]의 배치가 [3,409] 밀리초 내에 완료되었습니다.
26-Jul-2024 09:54:28.675 INFO [main] org.apache.coyote.AbstractProtocol.start 프로토콜 핸들러 ["http-nio-8090"]을(를) 시작합니다.
26-Jul-2024 09:54:28.719 INFO [main] org.apache.catalina.startup.Catalina.start 서버가 [3552] 밀리초 내에 시작되었습니다.
26-Jul-2024 09:54:31.510 INFO [http-nio-8090-exec-2] org.springframework.web.servlet.FrameworkServlet.initServletBean Initializing Servlet 'appServlet'
26-Jul-2024 09:54:32.261 INFO [http-nio-8090-exec-2] org.springframework.web.servlet.FrameworkServlet.initServletBean Completed initialization in 750 ms
26-Jul-2024 11:12:20.448 INFO [Thread-1] org.apache.coyote.AbstractProtocol.pause 프로토콜 핸들러 ["http-nio-8090"]을(를) 일시 정지 중
26-Jul-2024 11:12:20.602 INFO [Thread-1] org.apache.catalina.core.StandardService.stopInternal 서비스 [Catalina]을(를) 중지시킵니다.
26-Jul-2024 11:12:20.641 INFO [Thread-1] org.apache.coyote.AbstractProtocol.stop 프로토콜 핸들러 ["http-nio-8090"]을(를) 중지시킵니다.
26-Jul-2024 11:12:20.649 INFO [Thread-1] org.apache.coyote.AbstractProtocol.destroy 프로토콜 핸들러 ["http-nio-8090"]을(를) 소멸시킵니다.
26-Jul-2024 12:31:59.170 INFO [main] org.apache.catalina.startup.VersionLoggerListener.log 서버 버전 이름:    Apache Tomcat/10.1.25
26-Jul-2024 12:31:59.175 INFO [main] org.apache.catalina.startup.VersionLoggerListener.log Server 빌드 시각:  Jun 14 2024 19:31:59 UTC
26-Jul-2024 12:31:59.175 INFO [main] org.apache.catalina.startup.VersionLoggerListener.log Server 버전 번호:  10.1.25.0
26-Jul-2024 12:31:59.175 INFO [main] org.apache.catalina.startup.VersionLoggerListener.log 운영체제 이름:     Windows 11
26-Jul-2024 12:31:59.175 INFO [main] org.apache.catalina.startup.VersionLoggerListener.log 운영체제 버전:     10.0
26-Jul-2024 12:31:59.175 INFO [main] org.apache.catalina.startup.VersionLoggerListener.log 아키텍처:          amd64
26-Jul-2024 12:31:59.175 INFO [main] org.apache.catalina.startup.VersionLoggerListener.log 자바 홈:           C:\Program Files\Java\jdk-17
26-Jul-2024 12:31:59.176 INFO [main] org.apache.catalina.startup.VersionLoggerListener.log JVM 버전:          17.0.10+11-LTS-240
26-Jul-2024 12:31:59.176 INFO [main] org.apache.catalina.startup.VersionLoggerListener.log JVM 벤더:          Oracle Corporation
26-Jul-2024 12:31:59.176 INFO [main] org.apache.catalina.startup.VersionLoggerListener.log CATALINA_BASE:     C:\Project_back\PlantLab
26-Jul-2024 12:31:59.176 INFO [main] org.apache.catalina.startup.VersionLoggerListener.log CATALINA_HOME:     C:\devTools\apache-tomcat-10.1.25
26-Jul-2024 12:31:59.185 INFO [main] org.apache.catalina.startup.VersionLoggerListener.log 명령 행 아규먼트:  --add-opens=java.base/java.lang=ALL-UNNAMED
26-Jul-2024 12:31:59.186 INFO [main] org.apache.catalina.startup.VersionLoggerListener.log 명령 행 아규먼트:  --add-opens=java.base/java.io=ALL-UNNAMED
26-Jul-2024 12:31:59.186 INFO [main] org.apache.catalina.startup.VersionLoggerListener.log 명령 행 아규먼트:  --add-opens=java.base/java.util=ALL-UNNAMED
26-Jul-2024 12:31:59.186 INFO [main] org.apache.catalina.startup.VersionLoggerListener.log 명령 행 아규먼트:  --add-opens=java.base/java.util.concurrent=ALL-UNNAMED
26-Jul-2024 12:31:59.186 INFO [main] org.apache.catalina.startup.VersionLoggerListener.log 명령 행 아규먼트:  --add-opens=java.rmi/sun.rmi.transport=ALL-UNNAMED
26-Jul-2024 12:31:59.186 INFO [main] org.apache.catalina.startup.VersionLoggerListener.log 명령 행 아규먼트:  -Dfile.encoding=UTF-8
26-Jul-2024 12:31:59.186 INFO [main] org.apache.catalina.startup.VersionLoggerListener.log 명령 행 아규먼트:  -Dcatalina.home=C:\devTools\apache-tomcat-10.1.25
26-Jul-2024 12:31:59.187 INFO [main] org.apache.catalina.startup.VersionLoggerListener.log 명령 행 아규먼트:  -Dcatalina.base=C:\Project_back\PlantLab
26-Jul-2024 12:31:59.187 INFO [main] org.apache.catalina.startup.VersionLoggerListener.log 명령 행 아규먼트:  -Djava.io.tmpdir=C:\Project_back\PlantLab\temp
26-Jul-2024 12:31:59.187 INFO [main] org.apache.catalina.startup.VersionLoggerListener.log 명령 행 아규먼트:  -Djava.util.logging.config.file=C:\Project_back\PlantLab\conf\logging.properties
26-Jul-2024 12:31:59.187 INFO [main] org.apache.catalina.startup.VersionLoggerListener.log 명령 행 아규먼트:  -Djava.util.logging.manager=org.apache.juli.ClassLoaderLogManager
26-Jul-2024 12:31:59.188 INFO [main] org.apache.catalina.startup.VersionLoggerListener.log 명령 행 아규먼트:  -javaagent:C:\Program Files\JetBrains\IntelliJ IDEA 2024.1\lib\idea_rt.jar=53599:C:\Program Files\JetBrains\IntelliJ IDEA 2024.1\bin
26-Jul-2024 12:31:59.190 INFO [main] org.apache.catalina.core.AprLifecycleListener.lifecycleEvent APR 버전 [1.7.4]을(를) 사용한, APR 기반 Apache Tomcat Native 라이브러리 [2.0.7]을(를) 로드했습니다.
26-Jul-2024 12:31:59.194 INFO [main] org.apache.catalina.core.AprLifecycleListener.initializeSSL OpenSSL이 성공적으로 초기화되었습니다: [OpenSSL 3.0.13 30 Jan 2024]
26-Jul-2024 12:31:59.386 INFO [main] org.apache.coyote.AbstractProtocol.init 프로토콜 핸들러 ["http-nio-8090"]을(를) 초기화합니다.
26-Jul-2024 12:31:59.410 INFO [main] org.apache.catalina.startup.Catalina.load [451] 밀리초 내에 서버가 초기화되었습니다.
26-Jul-2024 12:31:59.483 INFO [main] org.apache.catalina.core.StandardService.startInternal 서비스 [Catalina]을(를) 시작합니다.
26-Jul-2024 12:31:59.483 INFO [main] org.apache.catalina.core.StandardEngine.startInternal 서버 엔진을 시작합니다: [Apache Tomcat/10.1.25]
26-Jul-2024 12:31:59.503 INFO [main] org.apache.catalina.startup.HostConfig.deployDescriptor 배치 descriptor [C:\Project_back\PlantLab\conf\Catalina\localhost\ROOT.xml]을(를) 배치합니다.
26-Jul-2024 12:32:01.487 INFO [main] org.apache.jasper.servlet.TldScanner.scanJars 적어도 하나의 JAR가 TLD들을 찾기 위해 스캔되었으나 아무 것도 찾지 못했습니다. 스캔했으나 TLD가 없는 JAR들의 전체 목록을 보시려면, 로그 레벨을 디버그 레벨로 설정하십시오. 스캔 과정에서 불필요한 JAR들을 건너뛰면, 시스템 시작 시간과 JSP 컴파일 시간을 단축시킬 수 있습니다.
26-Jul-2024 12:32:01.593 INFO [main] org.springframework.web.context.ContextLoader.initWebApplicationContext Root WebApplicationContext: initialization started
26-Jul-2024 12:32:02.890 INFO [main] org.springframework.web.context.ContextLoader.initWebApplicationContext Root WebApplicationContext initialized in 1295 ms
26-Jul-2024 12:32:02.955 INFO [main] org.apache.catalina.startup.HostConfig.deployDescriptor 배치 descriptor [C:\Project_back\PlantLab\conf\Catalina\localhost\ROOT.xml]의 배치가 [3,448] 밀리초 내에 완료되었습니다.
26-Jul-2024 12:32:02.962 INFO [main] org.apache.coyote.AbstractProtocol.start 프로토콜 핸들러 ["http-nio-8090"]을(를) 시작합니다.
26-Jul-2024 12:32:03.019 INFO [main] org.apache.catalina.startup.Catalina.start 서버가 [3608] 밀리초 내에 시작되었습니다.
26-Jul-2024 12:32:14.676 INFO [http-nio-8090-exec-2] org.springframework.web.servlet.FrameworkServlet.initServletBean Initializing Servlet 'appServlet'
26-Jul-2024 12:32:15.381 INFO [http-nio-8090-exec-2] org.springframework.web.servlet.FrameworkServlet.initServletBean Completed initialization in 705 ms
26-Jul-2024 13:30:21.049 INFO [Thread-1] org.apache.coyote.AbstractProtocol.pause 프로토콜 핸들러 ["http-nio-8090"]을(를) 일시 정지 중
26-Jul-2024 13:30:21.150 INFO [Thread-1] org.apache.catalina.core.StandardService.stopInternal 서비스 [Catalina]을(를) 중지시킵니다.
26-Jul-2024 13:30:21.171 INFO [Thread-1] org.apache.coyote.AbstractProtocol.stop 프로토콜 핸들러 ["http-nio-8090"]을(를) 중지시킵니다.
26-Jul-2024 13:30:21.191 INFO [Thread-1] org.apache.coyote.AbstractProtocol.destroy 프로토콜 핸들러 ["http-nio-8090"]을(를) 소멸시킵니다.
26-Jul-2024 13:30:43.492 INFO [main] org.apache.catalina.startup.VersionLoggerListener.log 서버 버전 이름:    Apache Tomcat/10.1.25
26-Jul-2024 13:30:43.498 INFO [main] org.apache.catalina.startup.VersionLoggerListener.log Server 빌드 시각:  Jun 14 2024 19:31:59 UTC
26-Jul-2024 13:30:43.499 INFO [main] org.apache.catalina.startup.VersionLoggerListener.log Server 버전 번호:  10.1.25.0
26-Jul-2024 13:30:43.499 INFO [main] org.apache.catalina.startup.VersionLoggerListener.log 운영체제 이름:     Windows 11
26-Jul-2024 13:30:43.499 INFO [main] org.apache.catalina.startup.VersionLoggerListener.log 운영체제 버전:     10.0
26-Jul-2024 13:30:43.499 INFO [main] org.apache.catalina.startup.VersionLoggerListener.log 아키텍처:          amd64
26-Jul-2024 13:30:43.499 INFO [main] org.apache.catalina.startup.VersionLoggerListener.log 자바 홈:           C:\Program Files\Java\jdk-17
26-Jul-2024 13:30:43.499 INFO [main] org.apache.catalina.startup.VersionLoggerListener.log JVM 버전:          17.0.10+11-LTS-240
26-Jul-2024 13:30:43.499 INFO [main] org.apache.catalina.startup.VersionLoggerListener.log JVM 벤더:          Oracle Corporation
26-Jul-2024 13:30:43.500 INFO [main] org.apache.catalina.startup.VersionLoggerListener.log CATALINA_BASE:     C:\Project_back\PlantLab
26-Jul-2024 13:30:43.500 INFO [main] org.apache.catalina.startup.VersionLoggerListener.log CATALINA_HOME:     C:\devTools\apache-tomcat-10.1.25
26-Jul-2024 13:30:43.509 INFO [main] org.apache.catalina.startup.VersionLoggerListener.log 명령 행 아규먼트:  --add-opens=java.base/java.lang=ALL-UNNAMED
26-Jul-2024 13:30:43.511 INFO [main] org.apache.catalina.startup.VersionLoggerListener.log 명령 행 아규먼트:  --add-opens=java.base/java.io=ALL-UNNAMED
26-Jul-2024 13:30:43.511 INFO [main] org.apache.catalina.startup.VersionLoggerListener.log 명령 행 아규먼트:  --add-opens=java.base/java.util=ALL-UNNAMED
26-Jul-2024 13:30:43.511 INFO [main] org.apache.catalina.startup.VersionLoggerListener.log 명령 행 아규먼트:  --add-opens=java.base/java.util.concurrent=ALL-UNNAMED
26-Jul-2024 13:30:43.511 INFO [main] org.apache.catalina.startup.VersionLoggerListener.log 명령 행 아규먼트:  --add-opens=java.rmi/sun.rmi.transport=ALL-UNNAMED
26-Jul-2024 13:30:43.511 INFO [main] org.apache.catalina.startup.VersionLoggerListener.log 명령 행 아규먼트:  -Dfile.encoding=UTF-8
26-Jul-2024 13:30:43.512 INFO [main] org.apache.catalina.startup.VersionLoggerListener.log 명령 행 아규먼트:  -Dcatalina.home=C:\devTools\apache-tomcat-10.1.25
26-Jul-2024 13:30:43.512 INFO [main] org.apache.catalina.startup.VersionLoggerListener.log 명령 행 아규먼트:  -Dcatalina.base=C:\Project_back\PlantLab
26-Jul-2024 13:30:43.512 INFO [main] org.apache.catalina.startup.VersionLoggerListener.log 명령 행 아규먼트:  -Djava.io.tmpdir=C:\Project_back\PlantLab\temp
26-Jul-2024 13:30:43.512 INFO [main] org.apache.catalina.startup.VersionLoggerListener.log 명령 행 아규먼트:  -Djava.util.logging.config.file=C:\Project_back\PlantLab\conf\logging.properties
26-Jul-2024 13:30:43.513 INFO [main] org.apache.catalina.startup.VersionLoggerListener.log 명령 행 아규먼트:  -Djava.util.logging.manager=org.apache.juli.ClassLoaderLogManager
26-Jul-2024 13:30:43.513 INFO [main] org.apache.catalina.startup.VersionLoggerListener.log 명령 행 아규먼트:  -javaagent:C:\Program Files\JetBrains\IntelliJ IDEA 2024.1\lib\idea_rt.jar=53722:C:\Program Files\JetBrains\IntelliJ IDEA 2024.1\bin
26-Jul-2024 13:30:43.515 INFO [main] org.apache.catalina.core.AprLifecycleListener.lifecycleEvent APR 버전 [1.7.4]을(를) 사용한, APR 기반 Apache Tomcat Native 라이브러리 [2.0.7]을(를) 로드했습니다.
26-Jul-2024 13:30:43.521 INFO [main] org.apache.catalina.core.AprLifecycleListener.initializeSSL OpenSSL이 성공적으로 초기화되었습니다: [OpenSSL 3.0.13 30 Jan 2024]
26-Jul-2024 13:30:43.776 INFO [main] org.apache.coyote.AbstractProtocol.init 프로토콜 핸들러 ["http-nio-8090"]을(를) 초기화합니다.
26-Jul-2024 13:30:43.805 INFO [main] org.apache.catalina.startup.Catalina.load [547] 밀리초 내에 서버가 초기화되었습니다.
26-Jul-2024 13:30:43.879 INFO [main] org.apache.catalina.core.StandardService.startInternal 서비스 [Catalina]을(를) 시작합니다.
26-Jul-2024 13:30:43.879 INFO [main] org.apache.catalina.core.StandardEngine.startInternal 서버 엔진을 시작합니다: [Apache Tomcat/10.1.25]
26-Jul-2024 13:30:43.899 INFO [main] org.apache.catalina.startup.HostConfig.deployDescriptor 배치 descriptor [C:\Project_back\PlantLab\conf\Catalina\localhost\ROOT.xml]을(를) 배치합니다.
26-Jul-2024 13:30:46.570 INFO [main] org.apache.jasper.servlet.TldScanner.scanJars 적어도 하나의 JAR가 TLD들을 찾기 위해 스캔되었으나 아무 것도 찾지 못했습니다. 스캔했으나 TLD가 없는 JAR들의 전체 목록을 보시려면, 로그 레벨을 디버그 레벨로 설정하십시오. 스캔 과정에서 불필요한 JAR들을 건너뛰면, 시스템 시작 시간과 JSP 컴파일 시간을 단축시킬 수 있습니다.
26-Jul-2024 13:30:46.650 INFO [main] org.springframework.web.context.ContextLoader.initWebApplicationContext Root WebApplicationContext: initialization started
26-Jul-2024 13:30:48.358 INFO [main] org.springframework.web.context.ContextLoader.initWebApplicationContext Root WebApplicationContext initialized in 1705 ms
26-Jul-2024 13:30:48.434 INFO [main] org.apache.catalina.startup.HostConfig.deployDescriptor 배치 descriptor [C:\Project_back\PlantLab\conf\Catalina\localhost\ROOT.xml]의 배치가 [4,533] 밀리초 내에 완료되었습니다.
26-Jul-2024 13:30:48.442 INFO [main] org.apache.coyote.AbstractProtocol.start 프로토콜 핸들러 ["http-nio-8090"]을(를) 시작합니다.
26-Jul-2024 13:30:48.501 INFO [main] org.apache.catalina.startup.Catalina.start 서버가 [4695] 밀리초 내에 시작되었습니다.
26-Jul-2024 13:30:55.946 INFO [http-nio-8090-exec-4] org.springframework.web.servlet.FrameworkServlet.initServletBean Initializing Servlet 'appServlet'
26-Jul-2024 13:30:57.491 INFO [http-nio-8090-exec-4] org.springframework.web.servlet.FrameworkServlet.initServletBean Completed initialization in 1544 ms
26-Jul-2024 13:33:04.826 INFO [Thread-1] org.apache.coyote.AbstractProtocol.pause 프로토콜 핸들러 ["http-nio-8090"]을(를) 일시 정지 중
26-Jul-2024 13:33:04.924 INFO [Thread-1] org.apache.catalina.core.StandardService.stopInternal 서비스 [Catalina]을(를) 중지시킵니다.
26-Jul-2024 13:33:04.940 WARNING [Thread-1] org.apache.catalina.loader.WebappClassLoaderBase.clearReferencesJdbc 웹 애플리케이션 [ROOT]이(가) JDBC 드라이버 [com.mysql.cj.jdbc.Driver]을(를) 등록했지만, 웹 애플리케이션이 중지될 때, 해당 JDBC 드라이버의 등록을 제거하지 못했습니다. 메모리 누수를 방지하기 위하여, 등록을 강제로 제거했습니다.
26-Jul-2024 13:33:04.942 WARNING [Thread-1] org.apache.catalina.loader.WebappClassLoaderBase.clearReferencesThreads 웹 애플리케이션 [ROOT]이(가) [mysql-cj-abandoned-connection-cleanup](이)라는 이름의 쓰레드를 시작시킨 것으로 보이지만, 해당 쓰레드를 중지시키지 못했습니다. 이는 메모리 누수를 유발할 가능성이 큽니다. 해당 쓰레드의 스택 트레이스:
 java.base@17.0.10/java.lang.Object.wait(Native Method)
 java.base@17.0.10/java.lang.ref.ReferenceQueue.remove(ReferenceQueue.java:155)
 com.mysql.cj.jdbc.AbandonedConnectionCleanupThread.run(AbandonedConnectionCleanupThread.java:93)
 java.base@17.0.10/java.util.concurrent.ThreadPoolExecutor.runWorker(ThreadPoolExecutor.java:1136)
 java.base@17.0.10/java.util.concurrent.ThreadPoolExecutor$Worker.run(ThreadPoolExecutor.java:635)
 java.base@17.0.10/java.lang.Thread.run(Thread.java:842)
26-Jul-2024 13:33:04.950 INFO [Thread-1] org.apache.coyote.AbstractProtocol.stop 프로토콜 핸들러 ["http-nio-8090"]을(를) 중지시킵니다.
26-Jul-2024 13:33:04.961 INFO [Thread-1] org.apache.coyote.AbstractProtocol.destroy 프로토콜 핸들러 ["http-nio-8090"]을(를) 소멸시킵니다.
