24-Jul-2024 11:07:47.914 INFO [main] org.apache.catalina.core.ApplicationContext.log No Spring WebApplicationInitializer types detected on classpath
24-Jul-2024 11:07:47.919 INFO [main] org.apache.catalina.core.ApplicationContext.log Initializing Spring root WebApplicationContext
24-Jul-2024 11:07:51.278 INFO [http-nio-8090-exec-2] org.apache.catalina.core.ApplicationContext.log Initializing Spring DispatcherServlet 'appServlet'
24-Jul-2024 11:11:42.681 INFO [Thread-1] org.apache.catalina.core.ApplicationContext.log Destroying Spring FrameworkServlet 'appServlet'
24-Jul-2024 11:11:42.683 INFO [Thread-1] org.apache.catalina.core.ApplicationContext.log Closing Spring root WebApplicationContext
24-Jul-2024 11:15:13.914 INFO [main] org.apache.catalina.core.ApplicationContext.log No Spring WebApplicationInitializer types detected on classpath
24-Jul-2024 11:15:13.920 INFO [main] org.apache.catalina.core.ApplicationContext.log Initializing Spring root WebApplicationContext
24-Jul-2024 11:16:10.379 INFO [Thread-1] org.apache.catalina.core.ApplicationContext.log Closing Spring root WebApplicationContext
24-Jul-2024 11:16:15.319 INFO [main] org.apache.catalina.core.ApplicationContext.log No Spring WebApplicationInitializer types detected on classpath
24-Jul-2024 11:16:15.324 INFO [main] org.apache.catalina.core.ApplicationContext.log Initializing Spring root WebApplicationContext
24-Jul-2024 11:16:18.308 INFO [http-nio-8090-exec-2] org.apache.catalina.core.ApplicationContext.log Initializing Spring DispatcherServlet 'appServlet'
24-Jul-2024 11:18:50.535 INFO [Thread-1] org.apache.catalina.core.ApplicationContext.log Destroying Spring FrameworkServlet 'appServlet'
24-Jul-2024 11:18:50.537 INFO [Thread-1] org.apache.catalina.core.ApplicationContext.log Closing Spring root WebApplicationContext
24-Jul-2024 11:18:54.670 INFO [main] org.apache.catalina.core.ApplicationContext.log No Spring WebApplicationInitializer types detected on classpath
24-Jul-2024 11:18:54.678 INFO [main] org.apache.catalina.core.ApplicationContext.log Initializing Spring root WebApplicationContext
24-Jul-2024 11:19:00.317 INFO [http-nio-8090-exec-6] org.apache.catalina.core.ApplicationContext.log Initializing Spring DispatcherServlet 'appServlet'
24-Jul-2024 11:20:39.504 INFO [Thread-1] org.apache.catalina.core.ApplicationContext.log Destroying Spring FrameworkServlet 'appServlet'
24-Jul-2024 11:20:39.506 INFO [Thread-1] org.apache.catalina.core.ApplicationContext.log Closing Spring root WebApplicationContext
24-Jul-2024 11:20:43.468 INFO [main] org.apache.catalina.core.ApplicationContext.log No Spring WebApplicationInitializer types detected on classpath
24-Jul-2024 11:20:43.475 INFO [main] org.apache.catalina.core.ApplicationContext.log Initializing Spring root WebApplicationContext
24-Jul-2024 11:20:48.982 INFO [http-nio-8090-exec-4] org.apache.catalina.core.ApplicationContext.log Initializing Spring DispatcherServlet 'appServlet'
24-Jul-2024 11:23:11.520 INFO [Thread-1] org.apache.catalina.core.ApplicationContext.log Destroying Spring FrameworkServlet 'appServlet'
24-Jul-2024 11:23:11.523 INFO [Thread-1] org.apache.catalina.core.ApplicationContext.log Closing Spring root WebApplicationContext
24-Jul-2024 11:36:41.917 INFO [main] org.apache.catalina.core.ApplicationContext.log No Spring WebApplicationInitializer types detected on classpath
24-Jul-2024 11:36:41.925 INFO [main] org.apache.catalina.core.ApplicationContext.log Initializing Spring root WebApplicationContext
24-Jul-2024 11:36:45.668 INFO [http-nio-8090-exec-2] org.apache.catalina.core.ApplicationContext.log Initializing Spring DispatcherServlet 'appServlet'
24-Jul-2024 11:38:10.404 INFO [Thread-1] org.apache.catalina.core.ApplicationContext.log Destroying Spring FrameworkServlet 'appServlet'
24-Jul-2024 11:38:10.406 INFO [Thread-1] org.apache.catalina.core.ApplicationContext.log Closing Spring root WebApplicationContext
24-Jul-2024 11:38:14.647 INFO [main] org.apache.catalina.core.ApplicationContext.log No Spring WebApplicationInitializer types detected on classpath
24-Jul-2024 11:38:14.656 INFO [main] org.apache.catalina.core.ApplicationContext.log Initializing Spring root WebApplicationContext
24-Jul-2024 11:38:19.297 INFO [http-nio-8090-exec-3] org.apache.catalina.core.ApplicationContext.log Initializing Spring DispatcherServlet 'appServlet'
24-Jul-2024 11:41:24.206 INFO [Thread-1] org.apache.catalina.core.ApplicationContext.log Destroying Spring FrameworkServlet 'appServlet'
24-Jul-2024 11:41:24.210 INFO [Thread-1] org.apache.catalina.core.ApplicationContext.log Closing Spring root WebApplicationContext
24-Jul-2024 11:41:28.337 INFO [main] org.apache.catalina.core.ApplicationContext.log No Spring WebApplicationInitializer types detected on classpath
24-Jul-2024 11:41:28.344 INFO [main] org.apache.catalina.core.ApplicationContext.log Initializing Spring root WebApplicationContext
24-Jul-2024 11:41:33.184 INFO [http-nio-8090-exec-3] org.apache.catalina.core.ApplicationContext.log Initializing Spring DispatcherServlet 'appServlet'
24-Jul-2024 11:43:25.328 INFO [Thread-1] org.apache.catalina.core.ApplicationContext.log Destroying Spring FrameworkServlet 'appServlet'
24-Jul-2024 11:43:25.330 INFO [Thread-1] org.apache.catalina.core.ApplicationContext.log Closing Spring root WebApplicationContext
24-Jul-2024 11:43:29.140 INFO [main] org.apache.catalina.core.ApplicationContext.log No Spring WebApplicationInitializer types detected on classpath
24-Jul-2024 11:43:29.147 INFO [main] org.apache.catalina.core.ApplicationContext.log Initializing Spring root WebApplicationContext
24-Jul-2024 11:43:30.311 INFO [http-nio-8090-exec-1] org.apache.catalina.core.ApplicationContext.log Initializing Spring DispatcherServlet 'appServlet'
24-Jul-2024 11:46:50.573 INFO [Thread-1] org.apache.catalina.core.ApplicationContext.log Destroying Spring FrameworkServlet 'appServlet'
24-Jul-2024 11:46:50.576 INFO [Thread-1] org.apache.catalina.core.ApplicationContext.log Closing Spring root WebApplicationContext
24-Jul-2024 11:46:54.668 INFO [main] org.apache.catalina.core.ApplicationContext.log No Spring WebApplicationInitializer types detected on classpath
24-Jul-2024 11:46:54.674 INFO [main] org.apache.catalina.core.ApplicationContext.log Initializing Spring root WebApplicationContext
24-Jul-2024 11:47:02.880 INFO [http-nio-8090-exec-3] org.apache.catalina.core.ApplicationContext.log Initializing Spring DispatcherServlet 'appServlet'
24-Jul-2024 12:01:38.984 INFO [Thread-1] org.apache.catalina.core.ApplicationContext.log Destroying Spring FrameworkServlet 'appServlet'
24-Jul-2024 12:01:38.986 INFO [Thread-1] org.apache.catalina.core.ApplicationContext.log Closing Spring root WebApplicationContext
24-Jul-2024 12:01:43.246 INFO [main] org.apache.catalina.core.ApplicationContext.log No Spring WebApplicationInitializer types detected on classpath
24-Jul-2024 12:01:43.251 INFO [main] org.apache.catalina.core.ApplicationContext.log Initializing Spring root WebApplicationContext
24-Jul-2024 12:02:07.321 INFO [http-nio-8090-exec-7] org.apache.catalina.core.ApplicationContext.log Initializing Spring DispatcherServlet 'appServlet'
24-Jul-2024 12:04:30.068 INFO [Thread-1] org.apache.catalina.core.ApplicationContext.log Destroying Spring FrameworkServlet 'appServlet'
24-Jul-2024 12:04:30.070 INFO [Thread-1] org.apache.catalina.core.ApplicationContext.log Closing Spring root WebApplicationContext
24-Jul-2024 12:04:34.244 INFO [main] org.apache.catalina.core.ApplicationContext.log No Spring WebApplicationInitializer types detected on classpath
24-Jul-2024 12:04:34.255 INFO [main] org.apache.catalina.core.ApplicationContext.log Initializing Spring root WebApplicationContext
24-Jul-2024 12:04:38.576 INFO [http-nio-8090-exec-2] org.apache.catalina.core.ApplicationContext.log Initializing Spring DispatcherServlet 'appServlet'
24-Jul-2024 12:09:32.651 INFO [Thread-1] org.apache.catalina.core.ApplicationContext.log Destroying Spring FrameworkServlet 'appServlet'
24-Jul-2024 12:09:32.654 INFO [Thread-1] org.apache.catalina.core.ApplicationContext.log Closing Spring root WebApplicationContext
24-Jul-2024 12:09:36.429 INFO [main] org.apache.catalina.core.ApplicationContext.log No Spring WebApplicationInitializer types detected on classpath
24-Jul-2024 12:09:36.435 INFO [main] org.apache.catalina.core.ApplicationContext.log Initializing Spring root WebApplicationContext
24-Jul-2024 12:09:39.622 INFO [http-nio-8090-exec-3] org.apache.catalina.core.ApplicationContext.log Initializing Spring DispatcherServlet 'appServlet'
24-Jul-2024 12:11:56.474 INFO [Thread-1] org.apache.catalina.core.ApplicationContext.log Destroying Spring FrameworkServlet 'appServlet'
24-Jul-2024 12:11:56.476 INFO [Thread-1] org.apache.catalina.core.ApplicationContext.log Closing Spring root WebApplicationContext
24-Jul-2024 12:12:38.890 INFO [main] org.apache.catalina.core.ApplicationContext.log No Spring WebApplicationInitializer types detected on classpath
24-Jul-2024 12:12:38.899 INFO [main] org.apache.catalina.core.ApplicationContext.log Initializing Spring root WebApplicationContext
24-Jul-2024 12:12:43.380 INFO [http-nio-8090-exec-2] org.apache.catalina.core.ApplicationContext.log Initializing Spring DispatcherServlet 'appServlet'
24-Jul-2024 12:18:32.879 INFO [Thread-1] org.apache.catalina.core.ApplicationContext.log Destroying Spring FrameworkServlet 'appServlet'
24-Jul-2024 12:18:32.881 INFO [Thread-1] org.apache.catalina.core.ApplicationContext.log Closing Spring root WebApplicationContext
24-Jul-2024 14:11:15.343 INFO [main] org.apache.catalina.core.ApplicationContext.log No Spring WebApplicationInitializer types detected on classpath
24-Jul-2024 14:11:15.351 INFO [main] org.apache.catalina.core.ApplicationContext.log Initializing Spring root WebApplicationContext
24-Jul-2024 14:11:18.605 INFO [http-nio-8090-exec-2] org.apache.catalina.core.ApplicationContext.log Initializing Spring DispatcherServlet 'appServlet'
24-Jul-2024 14:13:42.221 INFO [Thread-1] org.apache.catalina.core.ApplicationContext.log Destroying Spring FrameworkServlet 'appServlet'
24-Jul-2024 14:13:42.226 INFO [Thread-1] org.apache.catalina.core.ApplicationContext.log Closing Spring root WebApplicationContext
24-Jul-2024 14:16:50.425 INFO [main] org.apache.catalina.core.ApplicationContext.log No Spring WebApplicationInitializer types detected on classpath
24-Jul-2024 14:16:50.430 INFO [main] org.apache.catalina.core.ApplicationContext.log Initializing Spring root WebApplicationContext
24-Jul-2024 14:17:48.661 INFO [Thread-1] org.apache.catalina.core.ApplicationContext.log Closing Spring root WebApplicationContext
24-Jul-2024 14:17:52.847 INFO [main] org.apache.catalina.core.ApplicationContext.log No Spring WebApplicationInitializer types detected on classpath
24-Jul-2024 14:17:52.853 INFO [main] org.apache.catalina.core.ApplicationContext.log Initializing Spring root WebApplicationContext
24-Jul-2024 14:18:01.922 INFO [http-nio-8090-exec-5] org.apache.catalina.core.ApplicationContext.log Initializing Spring DispatcherServlet 'appServlet'
24-Jul-2024 14:18:44.230 INFO [Thread-1] org.apache.catalina.core.ApplicationContext.log Destroying Spring FrameworkServlet 'appServlet'
24-Jul-2024 14:18:44.232 INFO [Thread-1] org.apache.catalina.core.ApplicationContext.log Closing Spring root WebApplicationContext
24-Jul-2024 14:18:48.309 INFO [main] org.apache.catalina.core.ApplicationContext.log No Spring WebApplicationInitializer types detected on classpath
24-Jul-2024 14:18:48.315 INFO [main] org.apache.catalina.core.ApplicationContext.log Initializing Spring root WebApplicationContext
24-Jul-2024 14:18:55.706 INFO [http-nio-8090-exec-4] org.apache.catalina.core.ApplicationContext.log Initializing Spring DispatcherServlet 'appServlet'
24-Jul-2024 14:24:14.060 INFO [Thread-1] org.apache.catalina.core.ApplicationContext.log Destroying Spring FrameworkServlet 'appServlet'
24-Jul-2024 14:24:14.063 INFO [Thread-1] org.apache.catalina.core.ApplicationContext.log Closing Spring root WebApplicationContext
24-Jul-2024 14:24:18.343 INFO [main] org.apache.catalina.core.ApplicationContext.log No Spring WebApplicationInitializer types detected on classpath
24-Jul-2024 14:24:18.350 INFO [main] org.apache.catalina.core.ApplicationContext.log Initializing Spring root WebApplicationContext
24-Jul-2024 14:24:24.689 INFO [http-nio-8090-exec-4] org.apache.catalina.core.ApplicationContext.log Initializing Spring DispatcherServlet 'appServlet'
24-Jul-2024 14:26:09.334 INFO [Thread-1] org.apache.catalina.core.ApplicationContext.log Destroying Spring FrameworkServlet 'appServlet'
24-Jul-2024 14:26:09.336 INFO [Thread-1] org.apache.catalina.core.ApplicationContext.log Closing Spring root WebApplicationContext
24-Jul-2024 14:26:13.441 INFO [main] org.apache.catalina.core.ApplicationContext.log No Spring WebApplicationInitializer types detected on classpath
24-Jul-2024 14:26:13.449 INFO [main] org.apache.catalina.core.ApplicationContext.log Initializing Spring root WebApplicationContext
24-Jul-2024 14:27:36.107 INFO [http-nio-8090-exec-10] org.apache.catalina.core.ApplicationContext.log Initializing Spring DispatcherServlet 'appServlet'
24-Jul-2024 14:27:47.151 INFO [Thread-1] org.apache.catalina.core.ApplicationContext.log Destroying Spring FrameworkServlet 'appServlet'
24-Jul-2024 14:27:47.153 INFO [Thread-1] org.apache.catalina.core.ApplicationContext.log Closing Spring root WebApplicationContext
24-Jul-2024 14:27:51.323 INFO [main] org.apache.catalina.core.ApplicationContext.log No Spring WebApplicationInitializer types detected on classpath
24-Jul-2024 14:27:51.330 INFO [main] org.apache.catalina.core.ApplicationContext.log Initializing Spring root WebApplicationContext
24-Jul-2024 14:30:46.127 INFO [http-nio-8090-exec-10] org.apache.catalina.core.ApplicationContext.log Initializing Spring DispatcherServlet 'appServlet'
24-Jul-2024 14:30:55.308 INFO [Thread-1] org.apache.catalina.core.ApplicationContext.log Destroying Spring FrameworkServlet 'appServlet'
24-Jul-2024 14:30:55.311 INFO [Thread-1] org.apache.catalina.core.ApplicationContext.log Closing Spring root WebApplicationContext
24-Jul-2024 14:30:59.208 INFO [main] org.apache.catalina.core.ApplicationContext.log No Spring WebApplicationInitializer types detected on classpath
24-Jul-2024 14:30:59.215 INFO [main] org.apache.catalina.core.ApplicationContext.log Initializing Spring root WebApplicationContext
24-Jul-2024 14:33:06.938 INFO [Thread-1] org.apache.catalina.core.ApplicationContext.log Closing Spring root WebApplicationContext
24-Jul-2024 14:42:22.868 INFO [main] org.apache.catalina.core.ApplicationContext.log No Spring WebApplicationInitializer types detected on classpath
24-Jul-2024 14:42:22.874 INFO [main] org.apache.catalina.core.ApplicationContext.log Initializing Spring root WebApplicationContext
24-Jul-2024 14:42:26.780 INFO [http-nio-8090-exec-2] org.apache.catalina.core.ApplicationContext.log Initializing Spring DispatcherServlet 'appServlet'
24-Jul-2024 14:42:40.299 INFO [Thread-1] org.apache.catalina.core.ApplicationContext.log Destroying Spring FrameworkServlet 'appServlet'
24-Jul-2024 14:42:40.304 INFO [Thread-1] org.apache.catalina.core.ApplicationContext.log Closing Spring root WebApplicationContext
