25-Jul-2024 09:30:53.706 INFO [main] org.apache.catalina.core.ApplicationContext.log No Spring WebApplicationInitializer types detected on classpath
25-Jul-2024 09:30:53.714 INFO [main] org.apache.catalina.core.ApplicationContext.log Initializing Spring root WebApplicationContext
25-Jul-2024 09:30:57.834 INFO [http-nio-8090-exec-2] org.apache.catalina.core.ApplicationContext.log Initializing Spring DispatcherServlet 'appServlet'
25-Jul-2024 09:34:35.113 INFO [Thread-1] org.apache.catalina.core.ApplicationContext.log Destroying Spring FrameworkServlet 'appServlet'
25-Jul-2024 09:34:35.117 INFO [Thread-1] org.apache.catalina.core.ApplicationContext.log Closing Spring root WebApplicationContext
25-Jul-2024 09:34:41.556 INFO [main] org.apache.catalina.core.ApplicationContext.log No Spring WebApplicationInitializer types detected on classpath
25-Jul-2024 09:34:41.562 INFO [main] org.apache.catalina.core.ApplicationContext.log Initializing Spring root WebApplicationContext
25-Jul-2024 09:35:35.434 INFO [Thread-1] org.apache.catalina.core.ApplicationContext.log Closing Spring root WebApplicationContext
25-Jul-2024 09:35:39.198 INFO [main] org.apache.catalina.core.ApplicationContext.log No Spring WebApplicationInitializer types detected on classpath
25-Jul-2024 09:35:39.212 INFO [main] org.apache.catalina.core.ApplicationContext.log Initializing Spring root WebApplicationContext
25-Jul-2024 09:37:35.754 INFO [Thread-1] org.apache.catalina.core.ApplicationContext.log Closing Spring root WebApplicationContext
25-Jul-2024 09:37:39.518 INFO [main] org.apache.catalina.core.ApplicationContext.log No Spring WebApplicationInitializer types detected on classpath
25-Jul-2024 09:37:39.524 INFO [main] org.apache.catalina.core.ApplicationContext.log Initializing Spring root WebApplicationContext
25-Jul-2024 09:50:26.207 INFO [Thread-1] org.apache.catalina.core.ApplicationContext.log Closing Spring root WebApplicationContext
25-Jul-2024 09:50:30.016 INFO [main] org.apache.catalina.core.ApplicationContext.log No Spring WebApplicationInitializer types detected on classpath
25-Jul-2024 09:50:30.025 INFO [main] org.apache.catalina.core.ApplicationContext.log Initializing Spring root WebApplicationContext
25-Jul-2024 09:54:41.426 INFO [Thread-1] org.apache.catalina.core.ApplicationContext.log Closing Spring root WebApplicationContext
25-Jul-2024 09:54:45.626 INFO [main] org.apache.catalina.core.ApplicationContext.log No Spring WebApplicationInitializer types detected on classpath
25-Jul-2024 09:54:45.635 INFO [main] org.apache.catalina.core.ApplicationContext.log Initializing Spring root WebApplicationContext
25-Jul-2024 09:54:52.152 INFO [Thread-1] org.apache.catalina.core.ApplicationContext.log Closing Spring root WebApplicationContext
25-Jul-2024 09:54:56.398 INFO [main] org.apache.catalina.core.ApplicationContext.log No Spring WebApplicationInitializer types detected on classpath
25-Jul-2024 09:54:56.411 INFO [main] org.apache.catalina.core.ApplicationContext.log Initializing Spring root WebApplicationContext
25-Jul-2024 09:56:20.898 INFO [Thread-1] org.apache.catalina.core.ApplicationContext.log Closing Spring root WebApplicationContext
25-Jul-2024 09:56:25.160 INFO [main] org.apache.catalina.core.ApplicationContext.log No Spring WebApplicationInitializer types detected on classpath
25-Jul-2024 09:56:25.166 INFO [main] org.apache.catalina.core.ApplicationContext.log Initializing Spring root WebApplicationContext
25-Jul-2024 09:56:28.829 INFO [http-nio-8090-exec-2] org.apache.catalina.core.ApplicationContext.log Initializing Spring DispatcherServlet 'appServlet'
25-Jul-2024 09:56:50.390 INFO [Thread-1] org.apache.catalina.core.ApplicationContext.log Destroying Spring FrameworkServlet 'appServlet'
25-Jul-2024 09:56:50.393 INFO [Thread-1] org.apache.catalina.core.ApplicationContext.log Closing Spring root WebApplicationContext
25-Jul-2024 09:56:54.280 INFO [main] org.apache.catalina.core.ApplicationContext.log No Spring WebApplicationInitializer types detected on classpath
25-Jul-2024 09:56:54.297 INFO [main] org.apache.catalina.core.ApplicationContext.log Initializing Spring root WebApplicationContext
25-Jul-2024 09:56:58.536 INFO [http-nio-8090-exec-3] org.apache.catalina.core.ApplicationContext.log Initializing Spring DispatcherServlet 'appServlet'
25-Jul-2024 09:57:17.221 INFO [Thread-1] org.apache.catalina.core.ApplicationContext.log Destroying Spring FrameworkServlet 'appServlet'
25-Jul-2024 09:57:17.223 INFO [Thread-1] org.apache.catalina.core.ApplicationContext.log Closing Spring root WebApplicationContext
25-Jul-2024 09:57:20.936 INFO [main] org.apache.catalina.core.ApplicationContext.log No Spring WebApplicationInitializer types detected on classpath
25-Jul-2024 09:57:20.942 INFO [main] org.apache.catalina.core.ApplicationContext.log Initializing Spring root WebApplicationContext
25-Jul-2024 09:57:26.142 INFO [http-nio-8090-exec-4] org.apache.catalina.core.ApplicationContext.log Initializing Spring DispatcherServlet 'appServlet'
25-Jul-2024 10:06:07.477 INFO [Thread-1] org.apache.catalina.core.ApplicationContext.log Destroying Spring FrameworkServlet 'appServlet'
25-Jul-2024 10:06:07.479 INFO [Thread-1] org.apache.catalina.core.ApplicationContext.log Closing Spring root WebApplicationContext
25-Jul-2024 10:06:11.110 INFO [main] org.apache.catalina.core.ApplicationContext.log No Spring WebApplicationInitializer types detected on classpath
25-Jul-2024 10:06:11.118 INFO [main] org.apache.catalina.core.ApplicationContext.log Initializing Spring root WebApplicationContext
25-Jul-2024 10:06:16.433 INFO [http-nio-8090-exec-5] org.apache.catalina.core.ApplicationContext.log Initializing Spring DispatcherServlet 'appServlet'
25-Jul-2024 10:07:09.870 INFO [Thread-1] org.apache.catalina.core.ApplicationContext.log Destroying Spring FrameworkServlet 'appServlet'
25-Jul-2024 10:07:09.872 INFO [Thread-1] org.apache.catalina.core.ApplicationContext.log Closing Spring root WebApplicationContext
25-Jul-2024 10:07:13.610 INFO [main] org.apache.catalina.core.ApplicationContext.log No Spring WebApplicationInitializer types detected on classpath
25-Jul-2024 10:07:13.616 INFO [main] org.apache.catalina.core.ApplicationContext.log Initializing Spring root WebApplicationContext
25-Jul-2024 10:07:19.692 INFO [http-nio-8090-exec-4] org.apache.catalina.core.ApplicationContext.log Initializing Spring DispatcherServlet 'appServlet'
25-Jul-2024 10:08:21.681 INFO [Thread-1] org.apache.catalina.core.ApplicationContext.log Destroying Spring FrameworkServlet 'appServlet'
25-Jul-2024 10:08:21.683 INFO [Thread-1] org.apache.catalina.core.ApplicationContext.log Closing Spring root WebApplicationContext
25-Jul-2024 10:08:25.390 INFO [main] org.apache.catalina.core.ApplicationContext.log No Spring WebApplicationInitializer types detected on classpath
25-Jul-2024 10:08:25.396 INFO [main] org.apache.catalina.core.ApplicationContext.log Initializing Spring root WebApplicationContext
25-Jul-2024 10:09:20.647 INFO [Thread-1] org.apache.catalina.core.ApplicationContext.log Closing Spring root WebApplicationContext
25-Jul-2024 10:09:24.280 INFO [main] org.apache.catalina.core.ApplicationContext.log No Spring WebApplicationInitializer types detected on classpath
25-Jul-2024 10:09:24.288 INFO [main] org.apache.catalina.core.ApplicationContext.log Initializing Spring root WebApplicationContext
25-Jul-2024 10:09:28.569 INFO [http-nio-8090-exec-8] org.apache.catalina.core.ApplicationContext.log Initializing Spring DispatcherServlet 'appServlet'
25-Jul-2024 10:12:51.734 INFO [Thread-1] org.apache.catalina.core.ApplicationContext.log Destroying Spring FrameworkServlet 'appServlet'
25-Jul-2024 10:12:51.737 INFO [Thread-1] org.apache.catalina.core.ApplicationContext.log Closing Spring root WebApplicationContext
25-Jul-2024 10:12:55.421 INFO [main] org.apache.catalina.core.ApplicationContext.log No Spring WebApplicationInitializer types detected on classpath
25-Jul-2024 10:12:55.426 INFO [main] org.apache.catalina.core.ApplicationContext.log Initializing Spring root WebApplicationContext
25-Jul-2024 10:13:02.882 INFO [http-nio-8090-exec-2] org.apache.catalina.core.ApplicationContext.log Initializing Spring DispatcherServlet 'appServlet'
25-Jul-2024 10:13:33.623 INFO [Thread-1] org.apache.catalina.core.ApplicationContext.log Destroying Spring FrameworkServlet 'appServlet'
25-Jul-2024 10:13:33.625 INFO [Thread-1] org.apache.catalina.core.ApplicationContext.log Closing Spring root WebApplicationContext
25-Jul-2024 10:13:37.303 INFO [main] org.apache.catalina.core.ApplicationContext.log No Spring WebApplicationInitializer types detected on classpath
25-Jul-2024 10:13:37.310 INFO [main] org.apache.catalina.core.ApplicationContext.log Initializing Spring root WebApplicationContext
25-Jul-2024 10:13:46.114 INFO [http-nio-8090-exec-4] org.apache.catalina.core.ApplicationContext.log Initializing Spring DispatcherServlet 'appServlet'
25-Jul-2024 10:14:47.874 INFO [Thread-1] org.apache.catalina.core.ApplicationContext.log Destroying Spring FrameworkServlet 'appServlet'
25-Jul-2024 10:14:47.875 INFO [Thread-1] org.apache.catalina.core.ApplicationContext.log Closing Spring root WebApplicationContext
25-Jul-2024 10:14:51.569 INFO [main] org.apache.catalina.core.ApplicationContext.log No Spring WebApplicationInitializer types detected on classpath
25-Jul-2024 10:14:51.576 INFO [main] org.apache.catalina.core.ApplicationContext.log Initializing Spring root WebApplicationContext
25-Jul-2024 10:15:11.446 INFO [Thread-1] org.apache.catalina.core.ApplicationContext.log Closing Spring root WebApplicationContext
25-Jul-2024 10:15:15.152 INFO [main] org.apache.catalina.core.ApplicationContext.log No Spring WebApplicationInitializer types detected on classpath
25-Jul-2024 10:15:15.158 INFO [main] org.apache.catalina.core.ApplicationContext.log Initializing Spring root WebApplicationContext
25-Jul-2024 10:15:21.679 INFO [http-nio-8090-exec-4] org.apache.catalina.core.ApplicationContext.log Initializing Spring DispatcherServlet 'appServlet'
25-Jul-2024 10:23:46.758 INFO [Thread-1] org.apache.catalina.core.ApplicationContext.log Destroying Spring FrameworkServlet 'appServlet'
25-Jul-2024 10:23:46.761 INFO [Thread-1] org.apache.catalina.core.ApplicationContext.log Closing Spring root WebApplicationContext
25-Jul-2024 10:23:50.403 INFO [main] org.apache.catalina.core.ApplicationContext.log No Spring WebApplicationInitializer types detected on classpath
25-Jul-2024 10:23:50.409 INFO [main] org.apache.catalina.core.ApplicationContext.log Initializing Spring root WebApplicationContext
25-Jul-2024 10:23:56.434 INFO [http-nio-8090-exec-2] org.apache.catalina.core.ApplicationContext.log Initializing Spring DispatcherServlet 'appServlet'
25-Jul-2024 10:24:36.170 INFO [Thread-1] org.apache.catalina.core.ApplicationContext.log Destroying Spring FrameworkServlet 'appServlet'
25-Jul-2024 10:24:36.172 INFO [Thread-1] org.apache.catalina.core.ApplicationContext.log Closing Spring root WebApplicationContext
25-Jul-2024 10:24:39.909 INFO [main] org.apache.catalina.core.ApplicationContext.log No Spring WebApplicationInitializer types detected on classpath
25-Jul-2024 10:24:39.916 INFO [main] org.apache.catalina.core.ApplicationContext.log Initializing Spring root WebApplicationContext
25-Jul-2024 10:24:49.976 INFO [http-nio-8090-exec-7] org.apache.catalina.core.ApplicationContext.log Initializing Spring DispatcherServlet 'appServlet'
25-Jul-2024 10:26:17.255 INFO [Thread-1] org.apache.catalina.core.ApplicationContext.log Destroying Spring FrameworkServlet 'appServlet'
25-Jul-2024 10:26:17.257 INFO [Thread-1] org.apache.catalina.core.ApplicationContext.log Closing Spring root WebApplicationContext
25-Jul-2024 10:26:20.974 INFO [main] org.apache.catalina.core.ApplicationContext.log No Spring WebApplicationInitializer types detected on classpath
25-Jul-2024 10:26:20.981 INFO [main] org.apache.catalina.core.ApplicationContext.log Initializing Spring root WebApplicationContext
25-Jul-2024 10:26:25.716 INFO [http-nio-8090-exec-2] org.apache.catalina.core.ApplicationContext.log Initializing Spring DispatcherServlet 'appServlet'
25-Jul-2024 10:27:31.912 INFO [Thread-1] org.apache.catalina.core.ApplicationContext.log Destroying Spring FrameworkServlet 'appServlet'
25-Jul-2024 10:27:31.914 INFO [Thread-1] org.apache.catalina.core.ApplicationContext.log Closing Spring root WebApplicationContext
25-Jul-2024 10:27:35.520 INFO [main] org.apache.catalina.core.ApplicationContext.log No Spring WebApplicationInitializer types detected on classpath
25-Jul-2024 10:27:35.530 INFO [main] org.apache.catalina.core.ApplicationContext.log Initializing Spring root WebApplicationContext
25-Jul-2024 10:27:40.645 INFO [http-nio-8090-exec-3] org.apache.catalina.core.ApplicationContext.log Initializing Spring DispatcherServlet 'appServlet'
25-Jul-2024 10:28:51.754 INFO [Thread-1] org.apache.catalina.core.ApplicationContext.log Destroying Spring FrameworkServlet 'appServlet'
25-Jul-2024 10:28:51.756 INFO [Thread-1] org.apache.catalina.core.ApplicationContext.log Closing Spring root WebApplicationContext
25-Jul-2024 10:28:55.419 INFO [main] org.apache.catalina.core.ApplicationContext.log No Spring WebApplicationInitializer types detected on classpath
25-Jul-2024 10:28:55.425 INFO [main] org.apache.catalina.core.ApplicationContext.log Initializing Spring root WebApplicationContext
25-Jul-2024 10:28:59.355 INFO [http-nio-8090-exec-3] org.apache.catalina.core.ApplicationContext.log Initializing Spring DispatcherServlet 'appServlet'
25-Jul-2024 10:30:25.033 INFO [Thread-1] org.apache.catalina.core.ApplicationContext.log Destroying Spring FrameworkServlet 'appServlet'
25-Jul-2024 10:30:25.035 INFO [Thread-1] org.apache.catalina.core.ApplicationContext.log Closing Spring root WebApplicationContext
25-Jul-2024 10:30:28.986 INFO [main] org.apache.catalina.core.ApplicationContext.log No Spring WebApplicationInitializer types detected on classpath
25-Jul-2024 10:30:28.994 INFO [main] org.apache.catalina.core.ApplicationContext.log Initializing Spring root WebApplicationContext
25-Jul-2024 10:30:33.309 INFO [http-nio-8090-exec-2] org.apache.catalina.core.ApplicationContext.log Initializing Spring DispatcherServlet 'appServlet'
25-Jul-2024 10:31:34.587 INFO [Thread-1] org.apache.catalina.core.ApplicationContext.log Destroying Spring FrameworkServlet 'appServlet'
25-Jul-2024 10:31:34.589 INFO [Thread-1] org.apache.catalina.core.ApplicationContext.log Closing Spring root WebApplicationContext
25-Jul-2024 10:31:38.622 INFO [main] org.apache.catalina.core.ApplicationContext.log No Spring WebApplicationInitializer types detected on classpath
25-Jul-2024 10:31:38.647 INFO [main] org.apache.catalina.core.ApplicationContext.log Initializing Spring root WebApplicationContext
25-Jul-2024 10:31:44.142 INFO [http-nio-8090-exec-4] org.apache.catalina.core.ApplicationContext.log Initializing Spring DispatcherServlet 'appServlet'
25-Jul-2024 10:32:37.297 INFO [Thread-1] org.apache.catalina.core.ApplicationContext.log Destroying Spring FrameworkServlet 'appServlet'
25-Jul-2024 10:32:37.300 INFO [Thread-1] org.apache.catalina.core.ApplicationContext.log Closing Spring root WebApplicationContext
25-Jul-2024 10:32:41.265 INFO [main] org.apache.catalina.core.ApplicationContext.log No Spring WebApplicationInitializer types detected on classpath
25-Jul-2024 10:32:41.272 INFO [main] org.apache.catalina.core.ApplicationContext.log Initializing Spring root WebApplicationContext
25-Jul-2024 10:32:46.005 INFO [http-nio-8090-exec-4] org.apache.catalina.core.ApplicationContext.log Initializing Spring DispatcherServlet 'appServlet'
25-Jul-2024 10:33:36.305 INFO [Thread-1] org.apache.catalina.core.ApplicationContext.log Destroying Spring FrameworkServlet 'appServlet'
25-Jul-2024 10:33:36.307 INFO [Thread-1] org.apache.catalina.core.ApplicationContext.log Closing Spring root WebApplicationContext
25-Jul-2024 10:33:40.041 INFO [main] org.apache.catalina.core.ApplicationContext.log No Spring WebApplicationInitializer types detected on classpath
25-Jul-2024 10:33:40.048 INFO [main] org.apache.catalina.core.ApplicationContext.log Initializing Spring root WebApplicationContext
25-Jul-2024 10:33:45.375 INFO [http-nio-8090-exec-2] org.apache.catalina.core.ApplicationContext.log Initializing Spring DispatcherServlet 'appServlet'
25-Jul-2024 10:34:48.600 INFO [Thread-1] org.apache.catalina.core.ApplicationContext.log Destroying Spring FrameworkServlet 'appServlet'
25-Jul-2024 10:34:48.603 INFO [Thread-1] org.apache.catalina.core.ApplicationContext.log Closing Spring root WebApplicationContext
25-Jul-2024 10:34:52.337 INFO [main] org.apache.catalina.core.ApplicationContext.log No Spring WebApplicationInitializer types detected on classpath
25-Jul-2024 10:34:52.343 INFO [main] org.apache.catalina.core.ApplicationContext.log Initializing Spring root WebApplicationContext
25-Jul-2024 10:34:57.487 INFO [http-nio-8090-exec-3] org.apache.catalina.core.ApplicationContext.log Initializing Spring DispatcherServlet 'appServlet'
25-Jul-2024 10:35:21.427 INFO [Thread-1] org.apache.catalina.core.ApplicationContext.log Destroying Spring FrameworkServlet 'appServlet'
25-Jul-2024 10:35:21.429 INFO [Thread-1] org.apache.catalina.core.ApplicationContext.log Closing Spring root WebApplicationContext
25-Jul-2024 10:35:25.122 INFO [main] org.apache.catalina.core.ApplicationContext.log No Spring WebApplicationInitializer types detected on classpath
25-Jul-2024 10:35:25.129 INFO [main] org.apache.catalina.core.ApplicationContext.log Initializing Spring root WebApplicationContext
25-Jul-2024 10:35:29.589 INFO [http-nio-8090-exec-2] org.apache.catalina.core.ApplicationContext.log Initializing Spring DispatcherServlet 'appServlet'
25-Jul-2024 10:35:43.907 INFO [Thread-1] org.apache.catalina.core.ApplicationContext.log Destroying Spring FrameworkServlet 'appServlet'
25-Jul-2024 10:35:43.910 INFO [Thread-1] org.apache.catalina.core.ApplicationContext.log Closing Spring root WebApplicationContext
25-Jul-2024 10:35:47.495 INFO [main] org.apache.catalina.core.ApplicationContext.log No Spring WebApplicationInitializer types detected on classpath
25-Jul-2024 10:35:47.503 INFO [main] org.apache.catalina.core.ApplicationContext.log Initializing Spring root WebApplicationContext
25-Jul-2024 10:35:51.492 INFO [http-nio-8090-exec-2] org.apache.catalina.core.ApplicationContext.log Initializing Spring DispatcherServlet 'appServlet'
25-Jul-2024 10:42:50.330 INFO [Thread-1] org.apache.catalina.core.ApplicationContext.log Destroying Spring FrameworkServlet 'appServlet'
25-Jul-2024 10:42:50.333 INFO [Thread-1] org.apache.catalina.core.ApplicationContext.log Closing Spring root WebApplicationContext
25-Jul-2024 10:42:55.228 INFO [main] org.apache.catalina.core.ApplicationContext.log No Spring WebApplicationInitializer types detected on classpath
25-Jul-2024 10:42:55.245 INFO [main] org.apache.catalina.core.ApplicationContext.log Initializing Spring root WebApplicationContext
25-Jul-2024 10:43:02.796 INFO [http-nio-8090-exec-2] org.apache.catalina.core.ApplicationContext.log Initializing Spring DispatcherServlet 'appServlet'
25-Jul-2024 10:44:02.196 INFO [Thread-1] org.apache.catalina.core.ApplicationContext.log Destroying Spring FrameworkServlet 'appServlet'
25-Jul-2024 10:44:02.199 INFO [Thread-1] org.apache.catalina.core.ApplicationContext.log Closing Spring root WebApplicationContext
25-Jul-2024 10:44:05.876 INFO [main] org.apache.catalina.core.ApplicationContext.log No Spring WebApplicationInitializer types detected on classpath
25-Jul-2024 10:44:05.882 INFO [main] org.apache.catalina.core.ApplicationContext.log Initializing Spring root WebApplicationContext
25-Jul-2024 10:44:16.460 INFO [http-nio-8090-exec-2] org.apache.catalina.core.ApplicationContext.log Initializing Spring DispatcherServlet 'appServlet'
25-Jul-2024 10:44:47.047 INFO [Thread-1] org.apache.catalina.core.ApplicationContext.log Destroying Spring FrameworkServlet 'appServlet'
25-Jul-2024 10:44:47.049 INFO [Thread-1] org.apache.catalina.core.ApplicationContext.log Closing Spring root WebApplicationContext
25-Jul-2024 10:44:50.639 INFO [main] org.apache.catalina.core.ApplicationContext.log No Spring WebApplicationInitializer types detected on classpath
25-Jul-2024 10:44:50.646 INFO [main] org.apache.catalina.core.ApplicationContext.log Initializing Spring root WebApplicationContext
25-Jul-2024 10:44:59.056 INFO [http-nio-8090-exec-2] org.apache.catalina.core.ApplicationContext.log Initializing Spring DispatcherServlet 'appServlet'
25-Jul-2024 10:46:18.336 INFO [Thread-1] org.apache.catalina.core.ApplicationContext.log Destroying Spring FrameworkServlet 'appServlet'
25-Jul-2024 10:46:18.338 INFO [Thread-1] org.apache.catalina.core.ApplicationContext.log Closing Spring root WebApplicationContext
25-Jul-2024 10:46:22.000 INFO [main] org.apache.catalina.core.ApplicationContext.log No Spring WebApplicationInitializer types detected on classpath
25-Jul-2024 10:46:22.006 INFO [main] org.apache.catalina.core.ApplicationContext.log Initializing Spring root WebApplicationContext
25-Jul-2024 10:46:28.325 INFO [http-nio-8090-exec-2] org.apache.catalina.core.ApplicationContext.log Initializing Spring DispatcherServlet 'appServlet'
25-Jul-2024 10:46:41.774 INFO [Thread-1] org.apache.catalina.core.ApplicationContext.log Destroying Spring FrameworkServlet 'appServlet'
25-Jul-2024 10:46:41.777 INFO [Thread-1] org.apache.catalina.core.ApplicationContext.log Closing Spring root WebApplicationContext
25-Jul-2024 10:46:45.797 INFO [main] org.apache.catalina.core.ApplicationContext.log No Spring WebApplicationInitializer types detected on classpath
25-Jul-2024 10:46:45.803 INFO [main] org.apache.catalina.core.ApplicationContext.log Initializing Spring root WebApplicationContext
25-Jul-2024 10:46:50.079 INFO [http-nio-8090-exec-2] org.apache.catalina.core.ApplicationContext.log Initializing Spring DispatcherServlet 'appServlet'
25-Jul-2024 10:48:33.167 INFO [Thread-1] org.apache.catalina.core.ApplicationContext.log Destroying Spring FrameworkServlet 'appServlet'
25-Jul-2024 10:48:33.170 INFO [Thread-1] org.apache.catalina.core.ApplicationContext.log Closing Spring root WebApplicationContext
25-Jul-2024 10:48:37.024 INFO [main] org.apache.catalina.core.ApplicationContext.log No Spring WebApplicationInitializer types detected on classpath
25-Jul-2024 10:48:37.029 INFO [main] org.apache.catalina.core.ApplicationContext.log Initializing Spring root WebApplicationContext
25-Jul-2024 10:48:41.210 INFO [http-nio-8090-exec-2] org.apache.catalina.core.ApplicationContext.log Initializing Spring DispatcherServlet 'appServlet'
25-Jul-2024 10:49:21.983 INFO [Thread-1] org.apache.catalina.core.ApplicationContext.log Destroying Spring FrameworkServlet 'appServlet'
25-Jul-2024 10:49:21.985 INFO [Thread-1] org.apache.catalina.core.ApplicationContext.log Closing Spring root WebApplicationContext
25-Jul-2024 10:49:25.745 INFO [main] org.apache.catalina.core.ApplicationContext.log No Spring WebApplicationInitializer types detected on classpath
25-Jul-2024 10:49:25.754 INFO [main] org.apache.catalina.core.ApplicationContext.log Initializing Spring root WebApplicationContext
25-Jul-2024 10:49:30.508 INFO [http-nio-8090-exec-8] org.apache.catalina.core.ApplicationContext.log Initializing Spring DispatcherServlet 'appServlet'
25-Jul-2024 10:50:00.114 INFO [Thread-1] org.apache.catalina.core.ApplicationContext.log Destroying Spring FrameworkServlet 'appServlet'
25-Jul-2024 10:50:00.116 INFO [Thread-1] org.apache.catalina.core.ApplicationContext.log Closing Spring root WebApplicationContext
25-Jul-2024 10:50:03.868 INFO [main] org.apache.catalina.core.ApplicationContext.log No Spring WebApplicationInitializer types detected on classpath
25-Jul-2024 10:50:03.876 INFO [main] org.apache.catalina.core.ApplicationContext.log Initializing Spring root WebApplicationContext
25-Jul-2024 10:50:09.733 INFO [http-nio-8090-exec-1] org.apache.catalina.core.ApplicationContext.log Initializing Spring DispatcherServlet 'appServlet'
25-Jul-2024 10:51:55.028 INFO [Thread-1] org.apache.catalina.core.ApplicationContext.log Destroying Spring FrameworkServlet 'appServlet'
25-Jul-2024 10:51:55.030 INFO [Thread-1] org.apache.catalina.core.ApplicationContext.log Closing Spring root WebApplicationContext
25-Jul-2024 10:51:58.807 INFO [main] org.apache.catalina.core.ApplicationContext.log No Spring WebApplicationInitializer types detected on classpath
25-Jul-2024 10:51:58.814 INFO [main] org.apache.catalina.core.ApplicationContext.log Initializing Spring root WebApplicationContext
25-Jul-2024 10:52:03.860 INFO [http-nio-8090-exec-2] org.apache.catalina.core.ApplicationContext.log Initializing Spring DispatcherServlet 'appServlet'
25-Jul-2024 10:53:52.806 INFO [Thread-1] org.apache.catalina.core.ApplicationContext.log Destroying Spring FrameworkServlet 'appServlet'
25-Jul-2024 10:53:52.807 INFO [Thread-1] org.apache.catalina.core.ApplicationContext.log Closing Spring root WebApplicationContext
25-Jul-2024 10:53:56.452 INFO [main] org.apache.catalina.core.ApplicationContext.log No Spring WebApplicationInitializer types detected on classpath
25-Jul-2024 10:53:56.460 INFO [main] org.apache.catalina.core.ApplicationContext.log Initializing Spring root WebApplicationContext
25-Jul-2024 10:54:00.234 INFO [http-nio-8090-exec-2] org.apache.catalina.core.ApplicationContext.log Initializing Spring DispatcherServlet 'appServlet'
25-Jul-2024 10:56:35.719 INFO [Thread-1] org.apache.catalina.core.ApplicationContext.log Destroying Spring FrameworkServlet 'appServlet'
25-Jul-2024 10:56:35.721 INFO [Thread-1] org.apache.catalina.core.ApplicationContext.log Closing Spring root WebApplicationContext
25-Jul-2024 10:56:39.355 INFO [main] org.apache.catalina.core.ApplicationContext.log No Spring WebApplicationInitializer types detected on classpath
25-Jul-2024 10:56:39.362 INFO [main] org.apache.catalina.core.ApplicationContext.log Initializing Spring root WebApplicationContext
25-Jul-2024 10:56:43.961 INFO [http-nio-8090-exec-2] org.apache.catalina.core.ApplicationContext.log Initializing Spring DispatcherServlet 'appServlet'
25-Jul-2024 10:57:17.476 INFO [Thread-1] org.apache.catalina.core.ApplicationContext.log Destroying Spring FrameworkServlet 'appServlet'
25-Jul-2024 10:57:17.478 INFO [Thread-1] org.apache.catalina.core.ApplicationContext.log Closing Spring root WebApplicationContext
25-Jul-2024 10:57:21.327 INFO [main] org.apache.catalina.core.ApplicationContext.log No Spring WebApplicationInitializer types detected on classpath
25-Jul-2024 10:57:21.333 INFO [main] org.apache.catalina.core.ApplicationContext.log Initializing Spring root WebApplicationContext
25-Jul-2024 10:57:25.958 INFO [http-nio-8090-exec-6] org.apache.catalina.core.ApplicationContext.log Initializing Spring DispatcherServlet 'appServlet'
25-Jul-2024 10:58:13.308 INFO [Thread-1] org.apache.catalina.core.ApplicationContext.log Destroying Spring FrameworkServlet 'appServlet'
25-Jul-2024 10:58:13.310 INFO [Thread-1] org.apache.catalina.core.ApplicationContext.log Closing Spring root WebApplicationContext
25-Jul-2024 10:58:17.503 INFO [main] org.apache.catalina.core.ApplicationContext.log No Spring WebApplicationInitializer types detected on classpath
25-Jul-2024 10:58:17.511 INFO [main] org.apache.catalina.core.ApplicationContext.log Initializing Spring root WebApplicationContext
25-Jul-2024 10:58:35.755 INFO [http-nio-8090-exec-2] org.apache.catalina.core.ApplicationContext.log Initializing Spring DispatcherServlet 'appServlet'
25-Jul-2024 11:00:08.330 INFO [Thread-1] org.apache.catalina.core.ApplicationContext.log Destroying Spring FrameworkServlet 'appServlet'
25-Jul-2024 11:00:08.333 INFO [Thread-1] org.apache.catalina.core.ApplicationContext.log Closing Spring root WebApplicationContext
25-Jul-2024 11:00:11.950 INFO [main] org.apache.catalina.core.ApplicationContext.log No Spring WebApplicationInitializer types detected on classpath
25-Jul-2024 11:00:11.957 INFO [main] org.apache.catalina.core.ApplicationContext.log Initializing Spring root WebApplicationContext
25-Jul-2024 11:00:14.252 INFO [http-nio-8090-exec-2] org.apache.catalina.core.ApplicationContext.log Initializing Spring DispatcherServlet 'appServlet'
25-Jul-2024 11:00:36.605 INFO [Thread-1] org.apache.catalina.core.ApplicationContext.log Destroying Spring FrameworkServlet 'appServlet'
25-Jul-2024 11:00:36.607 INFO [Thread-1] org.apache.catalina.core.ApplicationContext.log Closing Spring root WebApplicationContext
25-Jul-2024 11:00:40.349 INFO [main] org.apache.catalina.core.ApplicationContext.log No Spring WebApplicationInitializer types detected on classpath
25-Jul-2024 11:00:40.358 INFO [main] org.apache.catalina.core.ApplicationContext.log Initializing Spring root WebApplicationContext
25-Jul-2024 11:00:44.417 INFO [http-nio-8090-exec-3] org.apache.catalina.core.ApplicationContext.log Initializing Spring DispatcherServlet 'appServlet'
25-Jul-2024 11:01:30.991 INFO [Thread-1] org.apache.catalina.core.ApplicationContext.log Destroying Spring FrameworkServlet 'appServlet'
25-Jul-2024 11:01:30.992 INFO [Thread-1] org.apache.catalina.core.ApplicationContext.log Closing Spring root WebApplicationContext
25-Jul-2024 11:01:35.134 INFO [main] org.apache.catalina.core.ApplicationContext.log No Spring WebApplicationInitializer types detected on classpath
25-Jul-2024 11:01:35.142 INFO [main] org.apache.catalina.core.ApplicationContext.log Initializing Spring root WebApplicationContext
25-Jul-2024 11:01:37.559 INFO [http-nio-8090-exec-2] org.apache.catalina.core.ApplicationContext.log Initializing Spring DispatcherServlet 'appServlet'
25-Jul-2024 11:04:45.097 INFO [Thread-1] org.apache.catalina.core.ApplicationContext.log Destroying Spring FrameworkServlet 'appServlet'
25-Jul-2024 11:04:45.099 INFO [Thread-1] org.apache.catalina.core.ApplicationContext.log Closing Spring root WebApplicationContext
25-Jul-2024 11:04:48.919 INFO [main] org.apache.catalina.core.ApplicationContext.log No Spring WebApplicationInitializer types detected on classpath
25-Jul-2024 11:04:48.928 INFO [main] org.apache.catalina.core.ApplicationContext.log Initializing Spring root WebApplicationContext
25-Jul-2024 11:04:52.919 INFO [http-nio-8090-exec-3] org.apache.catalina.core.ApplicationContext.log Initializing Spring DispatcherServlet 'appServlet'
25-Jul-2024 11:06:03.153 INFO [Thread-1] org.apache.catalina.core.ApplicationContext.log Destroying Spring FrameworkServlet 'appServlet'
25-Jul-2024 11:06:03.155 INFO [Thread-1] org.apache.catalina.core.ApplicationContext.log Closing Spring root WebApplicationContext
25-Jul-2024 11:06:07.028 INFO [main] org.apache.catalina.core.ApplicationContext.log No Spring WebApplicationInitializer types detected on classpath
25-Jul-2024 11:06:07.034 INFO [main] org.apache.catalina.core.ApplicationContext.log Initializing Spring root WebApplicationContext
25-Jul-2024 11:06:09.588 INFO [http-nio-8090-exec-2] org.apache.catalina.core.ApplicationContext.log Initializing Spring DispatcherServlet 'appServlet'
25-Jul-2024 11:06:33.872 INFO [Thread-1] org.apache.catalina.core.ApplicationContext.log Destroying Spring FrameworkServlet 'appServlet'
25-Jul-2024 11:06:33.874 INFO [Thread-1] org.apache.catalina.core.ApplicationContext.log Closing Spring root WebApplicationContext
25-Jul-2024 11:06:37.497 INFO [main] org.apache.catalina.core.ApplicationContext.log No Spring WebApplicationInitializer types detected on classpath
25-Jul-2024 11:06:37.503 INFO [main] org.apache.catalina.core.ApplicationContext.log Initializing Spring root WebApplicationContext
25-Jul-2024 11:06:48.837 INFO [Thread-1] org.apache.catalina.core.ApplicationContext.log Closing Spring root WebApplicationContext
25-Jul-2024 11:06:52.560 INFO [main] org.apache.catalina.core.ApplicationContext.log No Spring WebApplicationInitializer types detected on classpath
25-Jul-2024 11:06:52.567 INFO [main] org.apache.catalina.core.ApplicationContext.log Initializing Spring root WebApplicationContext
25-Jul-2024 11:06:59.153 INFO [http-nio-8090-exec-4] org.apache.catalina.core.ApplicationContext.log Initializing Spring DispatcherServlet 'appServlet'
25-Jul-2024 11:08:12.280 INFO [Thread-1] org.apache.catalina.core.ApplicationContext.log Destroying Spring FrameworkServlet 'appServlet'
25-Jul-2024 11:08:12.282 INFO [Thread-1] org.apache.catalina.core.ApplicationContext.log Closing Spring root WebApplicationContext
25-Jul-2024 11:08:15.992 INFO [main] org.apache.catalina.core.ApplicationContext.log No Spring WebApplicationInitializer types detected on classpath
25-Jul-2024 11:08:15.999 INFO [main] org.apache.catalina.core.ApplicationContext.log Initializing Spring root WebApplicationContext
25-Jul-2024 11:08:21.065 INFO [http-nio-8090-exec-2] org.apache.catalina.core.ApplicationContext.log Initializing Spring DispatcherServlet 'appServlet'
25-Jul-2024 11:09:34.008 INFO [Thread-1] org.apache.catalina.core.ApplicationContext.log Destroying Spring FrameworkServlet 'appServlet'
25-Jul-2024 11:09:34.010 INFO [Thread-1] org.apache.catalina.core.ApplicationContext.log Closing Spring root WebApplicationContext
25-Jul-2024 11:09:37.715 INFO [main] org.apache.catalina.core.ApplicationContext.log No Spring WebApplicationInitializer types detected on classpath
25-Jul-2024 11:09:37.722 INFO [main] org.apache.catalina.core.ApplicationContext.log Initializing Spring root WebApplicationContext
25-Jul-2024 11:09:42.400 INFO [http-nio-8090-exec-6] org.apache.catalina.core.ApplicationContext.log Initializing Spring DispatcherServlet 'appServlet'
25-Jul-2024 11:14:59.184 INFO [Thread-1] org.apache.catalina.core.ApplicationContext.log Destroying Spring FrameworkServlet 'appServlet'
25-Jul-2024 11:14:59.187 INFO [Thread-1] org.apache.catalina.core.ApplicationContext.log Closing Spring root WebApplicationContext
25-Jul-2024 11:15:02.962 INFO [main] org.apache.catalina.core.ApplicationContext.log No Spring WebApplicationInitializer types detected on classpath
25-Jul-2024 11:15:02.972 INFO [main] org.apache.catalina.core.ApplicationContext.log Initializing Spring root WebApplicationContext
25-Jul-2024 11:15:38.924 INFO [Thread-1] org.apache.catalina.core.ApplicationContext.log Closing Spring root WebApplicationContext
25-Jul-2024 11:15:42.518 INFO [main] org.apache.catalina.core.ApplicationContext.log No Spring WebApplicationInitializer types detected on classpath
25-Jul-2024 11:15:42.525 INFO [main] org.apache.catalina.core.ApplicationContext.log Initializing Spring root WebApplicationContext
25-Jul-2024 11:16:11.626 INFO [http-nio-8090-exec-6] org.apache.catalina.core.ApplicationContext.log Initializing Spring DispatcherServlet 'appServlet'
25-Jul-2024 11:19:08.765 INFO [Thread-1] org.apache.catalina.core.ApplicationContext.log Destroying Spring FrameworkServlet 'appServlet'
25-Jul-2024 11:19:08.767 INFO [Thread-1] org.apache.catalina.core.ApplicationContext.log Closing Spring root WebApplicationContext
25-Jul-2024 11:19:12.511 INFO [main] org.apache.catalina.core.ApplicationContext.log No Spring WebApplicationInitializer types detected on classpath
25-Jul-2024 11:19:12.520 INFO [main] org.apache.catalina.core.ApplicationContext.log Initializing Spring root WebApplicationContext
25-Jul-2024 11:19:14.922 INFO [http-nio-8090-exec-3] org.apache.catalina.core.ApplicationContext.log Initializing Spring DispatcherServlet 'appServlet'
25-Jul-2024 11:20:09.285 INFO [Thread-1] org.apache.catalina.core.ApplicationContext.log Destroying Spring FrameworkServlet 'appServlet'
25-Jul-2024 11:20:09.287 INFO [Thread-1] org.apache.catalina.core.ApplicationContext.log Closing Spring root WebApplicationContext
25-Jul-2024 11:20:12.950 INFO [main] org.apache.catalina.core.ApplicationContext.log No Spring WebApplicationInitializer types detected on classpath
25-Jul-2024 11:20:12.958 INFO [main] org.apache.catalina.core.ApplicationContext.log Initializing Spring root WebApplicationContext
25-Jul-2024 11:20:16.840 INFO [http-nio-8090-exec-2] org.apache.catalina.core.ApplicationContext.log Initializing Spring DispatcherServlet 'appServlet'
25-Jul-2024 11:21:07.535 INFO [Thread-1] org.apache.catalina.core.ApplicationContext.log Destroying Spring FrameworkServlet 'appServlet'
25-Jul-2024 11:21:07.538 INFO [Thread-1] org.apache.catalina.core.ApplicationContext.log Closing Spring root WebApplicationContext
25-Jul-2024 11:21:11.739 INFO [main] org.apache.catalina.core.ApplicationContext.log No Spring WebApplicationInitializer types detected on classpath
25-Jul-2024 11:21:11.746 INFO [main] org.apache.catalina.core.ApplicationContext.log Initializing Spring root WebApplicationContext
25-Jul-2024 11:21:15.928 INFO [http-nio-8090-exec-5] org.apache.catalina.core.ApplicationContext.log Initializing Spring DispatcherServlet 'appServlet'
25-Jul-2024 11:21:49.014 INFO [Thread-1] org.apache.catalina.core.ApplicationContext.log Destroying Spring FrameworkServlet 'appServlet'
25-Jul-2024 11:21:49.018 INFO [Thread-1] org.apache.catalina.core.ApplicationContext.log Closing Spring root WebApplicationContext
25-Jul-2024 11:21:53.852 INFO [main] org.apache.catalina.core.ApplicationContext.log No Spring WebApplicationInitializer types detected on classpath
25-Jul-2024 11:21:53.858 INFO [main] org.apache.catalina.core.ApplicationContext.log Initializing Spring root WebApplicationContext
25-Jul-2024 11:22:01.170 INFO [http-nio-8090-exec-2] org.apache.catalina.core.ApplicationContext.log Initializing Spring DispatcherServlet 'appServlet'
25-Jul-2024 11:26:49.464 INFO [Thread-1] org.apache.catalina.core.ApplicationContext.log Destroying Spring FrameworkServlet 'appServlet'
25-Jul-2024 11:26:49.466 INFO [Thread-1] org.apache.catalina.core.ApplicationContext.log Closing Spring root WebApplicationContext
25-Jul-2024 11:26:53.205 INFO [main] org.apache.catalina.core.ApplicationContext.log No Spring WebApplicationInitializer types detected on classpath
25-Jul-2024 11:26:53.211 INFO [main] org.apache.catalina.core.ApplicationContext.log Initializing Spring root WebApplicationContext
25-Jul-2024 11:26:58.750 INFO [http-nio-8090-exec-2] org.apache.catalina.core.ApplicationContext.log Initializing Spring DispatcherServlet 'appServlet'
25-Jul-2024 11:27:56.178 INFO [Thread-1] org.apache.catalina.core.ApplicationContext.log Destroying Spring FrameworkServlet 'appServlet'
25-Jul-2024 11:27:56.180 INFO [Thread-1] org.apache.catalina.core.ApplicationContext.log Closing Spring root WebApplicationContext
25-Jul-2024 11:28:00.309 INFO [main] org.apache.catalina.core.ApplicationContext.log No Spring WebApplicationInitializer types detected on classpath
25-Jul-2024 11:28:00.317 INFO [main] org.apache.catalina.core.ApplicationContext.log Initializing Spring root WebApplicationContext
25-Jul-2024 11:28:02.765 INFO [http-nio-8090-exec-2] org.apache.catalina.core.ApplicationContext.log Initializing Spring DispatcherServlet 'appServlet'
25-Jul-2024 11:30:08.727 INFO [Thread-1] org.apache.catalina.core.ApplicationContext.log Destroying Spring FrameworkServlet 'appServlet'
25-Jul-2024 11:30:08.729 INFO [Thread-1] org.apache.catalina.core.ApplicationContext.log Closing Spring root WebApplicationContext
25-Jul-2024 11:30:12.445 INFO [main] org.apache.catalina.core.ApplicationContext.log No Spring WebApplicationInitializer types detected on classpath
25-Jul-2024 11:30:12.454 INFO [main] org.apache.catalina.core.ApplicationContext.log Initializing Spring root WebApplicationContext
25-Jul-2024 11:30:14.783 INFO [http-nio-8090-exec-2] org.apache.catalina.core.ApplicationContext.log Initializing Spring DispatcherServlet 'appServlet'
25-Jul-2024 11:30:41.316 INFO [Thread-1] org.apache.catalina.core.ApplicationContext.log Destroying Spring FrameworkServlet 'appServlet'
25-Jul-2024 11:30:41.318 INFO [Thread-1] org.apache.catalina.core.ApplicationContext.log Closing Spring root WebApplicationContext
25-Jul-2024 11:30:45.860 INFO [main] org.apache.catalina.core.ApplicationContext.log No Spring WebApplicationInitializer types detected on classpath
25-Jul-2024 11:30:45.867 INFO [main] org.apache.catalina.core.ApplicationContext.log Initializing Spring root WebApplicationContext
25-Jul-2024 11:30:51.477 INFO [http-nio-8090-exec-2] org.apache.catalina.core.ApplicationContext.log Initializing Spring DispatcherServlet 'appServlet'
25-Jul-2024 11:31:27.616 INFO [Thread-1] org.apache.catalina.core.ApplicationContext.log Destroying Spring FrameworkServlet 'appServlet'
25-Jul-2024 11:31:27.618 INFO [Thread-1] org.apache.catalina.core.ApplicationContext.log Closing Spring root WebApplicationContext
25-Jul-2024 11:31:31.766 INFO [main] org.apache.catalina.core.ApplicationContext.log No Spring WebApplicationInitializer types detected on classpath
25-Jul-2024 11:31:31.774 INFO [main] org.apache.catalina.core.ApplicationContext.log Initializing Spring root WebApplicationContext
25-Jul-2024 11:31:36.462 INFO [http-nio-8090-exec-2] org.apache.catalina.core.ApplicationContext.log Initializing Spring DispatcherServlet 'appServlet'
25-Jul-2024 11:33:10.221 INFO [Thread-1] org.apache.catalina.core.ApplicationContext.log Destroying Spring FrameworkServlet 'appServlet'
25-Jul-2024 11:33:10.223 INFO [Thread-1] org.apache.catalina.core.ApplicationContext.log Closing Spring root WebApplicationContext
25-Jul-2024 11:33:13.842 INFO [main] org.apache.catalina.core.ApplicationContext.log No Spring WebApplicationInitializer types detected on classpath
25-Jul-2024 11:33:13.848 INFO [main] org.apache.catalina.core.ApplicationContext.log Initializing Spring root WebApplicationContext
25-Jul-2024 11:33:20.137 INFO [http-nio-8090-exec-2] org.apache.catalina.core.ApplicationContext.log Initializing Spring DispatcherServlet 'appServlet'
25-Jul-2024 11:33:42.722 INFO [Thread-1] org.apache.catalina.core.ApplicationContext.log Destroying Spring FrameworkServlet 'appServlet'
25-Jul-2024 11:33:42.724 INFO [Thread-1] org.apache.catalina.core.ApplicationContext.log Closing Spring root WebApplicationContext
25-Jul-2024 11:33:46.446 INFO [main] org.apache.catalina.core.ApplicationContext.log No Spring WebApplicationInitializer types detected on classpath
25-Jul-2024 11:33:46.454 INFO [main] org.apache.catalina.core.ApplicationContext.log Initializing Spring root WebApplicationContext
25-Jul-2024 11:34:00.875 INFO [Thread-1] org.apache.catalina.core.ApplicationContext.log Closing Spring root WebApplicationContext
25-Jul-2024 11:34:05.076 INFO [main] org.apache.catalina.core.ApplicationContext.log No Spring WebApplicationInitializer types detected on classpath
25-Jul-2024 11:34:05.082 INFO [main] org.apache.catalina.core.ApplicationContext.log Initializing Spring root WebApplicationContext
25-Jul-2024 11:34:08.970 INFO [http-nio-8090-exec-2] org.apache.catalina.core.ApplicationContext.log Initializing Spring DispatcherServlet 'appServlet'
25-Jul-2024 11:38:08.589 INFO [Thread-1] org.apache.catalina.core.ApplicationContext.log Destroying Spring FrameworkServlet 'appServlet'
25-Jul-2024 11:38:08.591 INFO [Thread-1] org.apache.catalina.core.ApplicationContext.log Closing Spring root WebApplicationContext
25-Jul-2024 11:38:12.365 INFO [main] org.apache.catalina.core.ApplicationContext.log No Spring WebApplicationInitializer types detected on classpath
25-Jul-2024 11:38:12.372 INFO [main] org.apache.catalina.core.ApplicationContext.log Initializing Spring root WebApplicationContext
25-Jul-2024 11:38:14.832 INFO [http-nio-8090-exec-2] org.apache.catalina.core.ApplicationContext.log Initializing Spring DispatcherServlet 'appServlet'
25-Jul-2024 11:42:25.475 INFO [Thread-1] org.apache.catalina.core.ApplicationContext.log Destroying Spring FrameworkServlet 'appServlet'
25-Jul-2024 11:42:25.477 INFO [Thread-1] org.apache.catalina.core.ApplicationContext.log Closing Spring root WebApplicationContext
25-Jul-2024 11:42:29.210 INFO [main] org.apache.catalina.core.ApplicationContext.log No Spring WebApplicationInitializer types detected on classpath
25-Jul-2024 11:42:29.219 INFO [main] org.apache.catalina.core.ApplicationContext.log Initializing Spring root WebApplicationContext
25-Jul-2024 11:42:34.685 INFO [http-nio-8090-exec-2] org.apache.catalina.core.ApplicationContext.log Initializing Spring DispatcherServlet 'appServlet'
25-Jul-2024 11:42:50.333 INFO [Thread-1] org.apache.catalina.core.ApplicationContext.log Destroying Spring FrameworkServlet 'appServlet'
25-Jul-2024 11:42:50.337 INFO [Thread-1] org.apache.catalina.core.ApplicationContext.log Closing Spring root WebApplicationContext
25-Jul-2024 11:42:55.279 INFO [main] org.apache.catalina.core.ApplicationContext.log No Spring WebApplicationInitializer types detected on classpath
25-Jul-2024 11:42:55.285 INFO [main] org.apache.catalina.core.ApplicationContext.log Initializing Spring root WebApplicationContext
25-Jul-2024 11:43:03.784 INFO [http-nio-8090-exec-3] org.apache.catalina.core.ApplicationContext.log Initializing Spring DispatcherServlet 'appServlet'
25-Jul-2024 11:44:27.988 INFO [Thread-1] org.apache.catalina.core.ApplicationContext.log Destroying Spring FrameworkServlet 'appServlet'
25-Jul-2024 11:44:27.989 INFO [Thread-1] org.apache.catalina.core.ApplicationContext.log Closing Spring root WebApplicationContext
25-Jul-2024 11:44:31.681 INFO [main] org.apache.catalina.core.ApplicationContext.log No Spring WebApplicationInitializer types detected on classpath
25-Jul-2024 11:44:31.689 INFO [main] org.apache.catalina.core.ApplicationContext.log Initializing Spring root WebApplicationContext
25-Jul-2024 11:44:37.885 INFO [http-nio-8090-exec-2] org.apache.catalina.core.ApplicationContext.log Initializing Spring DispatcherServlet 'appServlet'
25-Jul-2024 11:46:11.742 INFO [Thread-1] org.apache.catalina.core.ApplicationContext.log Destroying Spring FrameworkServlet 'appServlet'
25-Jul-2024 11:46:11.744 INFO [Thread-1] org.apache.catalina.core.ApplicationContext.log Closing Spring root WebApplicationContext
25-Jul-2024 11:46:15.657 INFO [main] org.apache.catalina.core.ApplicationContext.log No Spring WebApplicationInitializer types detected on classpath
25-Jul-2024 11:46:15.665 INFO [main] org.apache.catalina.core.ApplicationContext.log Initializing Spring root WebApplicationContext
25-Jul-2024 11:46:23.641 INFO [http-nio-8090-exec-2] org.apache.catalina.core.ApplicationContext.log Initializing Spring DispatcherServlet 'appServlet'
25-Jul-2024 11:48:08.498 INFO [Thread-1] org.apache.catalina.core.ApplicationContext.log Destroying Spring FrameworkServlet 'appServlet'
25-Jul-2024 11:48:08.500 INFO [Thread-1] org.apache.catalina.core.ApplicationContext.log Closing Spring root WebApplicationContext
25-Jul-2024 11:48:12.209 INFO [main] org.apache.catalina.core.ApplicationContext.log No Spring WebApplicationInitializer types detected on classpath
25-Jul-2024 11:48:12.215 INFO [main] org.apache.catalina.core.ApplicationContext.log Initializing Spring root WebApplicationContext
25-Jul-2024 11:48:26.081 INFO [http-nio-8090-exec-4] org.apache.catalina.core.ApplicationContext.log Initializing Spring DispatcherServlet 'appServlet'
25-Jul-2024 11:49:51.440 INFO [Thread-1] org.apache.catalina.core.ApplicationContext.log Destroying Spring FrameworkServlet 'appServlet'
25-Jul-2024 11:49:51.442 INFO [Thread-1] org.apache.catalina.core.ApplicationContext.log Closing Spring root WebApplicationContext
25-Jul-2024 11:49:55.125 INFO [main] org.apache.catalina.core.ApplicationContext.log No Spring WebApplicationInitializer types detected on classpath
25-Jul-2024 11:49:55.133 INFO [main] org.apache.catalina.core.ApplicationContext.log Initializing Spring root WebApplicationContext
25-Jul-2024 11:50:04.971 INFO [http-nio-8090-exec-2] org.apache.catalina.core.ApplicationContext.log Initializing Spring DispatcherServlet 'appServlet'
25-Jul-2024 11:50:46.188 INFO [Thread-1] org.apache.catalina.core.ApplicationContext.log Destroying Spring FrameworkServlet 'appServlet'
25-Jul-2024 11:50:46.190 INFO [Thread-1] org.apache.catalina.core.ApplicationContext.log Closing Spring root WebApplicationContext
25-Jul-2024 11:50:50.421 INFO [main] org.apache.catalina.core.ApplicationContext.log No Spring WebApplicationInitializer types detected on classpath
25-Jul-2024 11:50:50.433 INFO [main] org.apache.catalina.core.ApplicationContext.log Initializing Spring root WebApplicationContext
25-Jul-2024 11:50:55.615 INFO [http-nio-8090-exec-2] org.apache.catalina.core.ApplicationContext.log Initializing Spring DispatcherServlet 'appServlet'
25-Jul-2024 11:51:17.769 INFO [Thread-1] org.apache.catalina.core.ApplicationContext.log Destroying Spring FrameworkServlet 'appServlet'
25-Jul-2024 11:51:17.771 INFO [Thread-1] org.apache.catalina.core.ApplicationContext.log Closing Spring root WebApplicationContext
25-Jul-2024 11:51:21.418 INFO [main] org.apache.catalina.core.ApplicationContext.log No Spring WebApplicationInitializer types detected on classpath
25-Jul-2024 11:51:21.423 INFO [main] org.apache.catalina.core.ApplicationContext.log Initializing Spring root WebApplicationContext
25-Jul-2024 11:51:58.963 INFO [http-nio-8090-exec-1] org.apache.catalina.core.ApplicationContext.log Initializing Spring DispatcherServlet 'appServlet'
25-Jul-2024 11:52:12.514 INFO [Thread-1] org.apache.catalina.core.ApplicationContext.log Destroying Spring FrameworkServlet 'appServlet'
25-Jul-2024 11:52:12.516 INFO [Thread-1] org.apache.catalina.core.ApplicationContext.log Closing Spring root WebApplicationContext
25-Jul-2024 11:52:16.692 INFO [main] org.apache.catalina.core.ApplicationContext.log No Spring WebApplicationInitializer types detected on classpath
25-Jul-2024 11:52:16.700 INFO [main] org.apache.catalina.core.ApplicationContext.log Initializing Spring root WebApplicationContext
25-Jul-2024 11:52:20.734 INFO [http-nio-8090-exec-2] org.apache.catalina.core.ApplicationContext.log Initializing Spring DispatcherServlet 'appServlet'
25-Jul-2024 11:53:15.568 INFO [Thread-1] org.apache.catalina.core.ApplicationContext.log Destroying Spring FrameworkServlet 'appServlet'
25-Jul-2024 11:53:15.570 INFO [Thread-1] org.apache.catalina.core.ApplicationContext.log Closing Spring root WebApplicationContext
25-Jul-2024 11:53:19.796 INFO [main] org.apache.catalina.core.ApplicationContext.log No Spring WebApplicationInitializer types detected on classpath
25-Jul-2024 11:53:19.803 INFO [main] org.apache.catalina.core.ApplicationContext.log Initializing Spring root WebApplicationContext
25-Jul-2024 11:53:22.765 INFO [http-nio-8090-exec-2] org.apache.catalina.core.ApplicationContext.log Initializing Spring DispatcherServlet 'appServlet'
25-Jul-2024 11:54:14.790 INFO [Thread-1] org.apache.catalina.core.ApplicationContext.log Destroying Spring FrameworkServlet 'appServlet'
25-Jul-2024 11:54:14.792 INFO [Thread-1] org.apache.catalina.core.ApplicationContext.log Closing Spring root WebApplicationContext
25-Jul-2024 11:54:18.473 INFO [main] org.apache.catalina.core.ApplicationContext.log No Spring WebApplicationInitializer types detected on classpath
25-Jul-2024 11:54:18.480 INFO [main] org.apache.catalina.core.ApplicationContext.log Initializing Spring root WebApplicationContext
25-Jul-2024 11:54:22.408 INFO [http-nio-8090-exec-10] org.apache.catalina.core.ApplicationContext.log Initializing Spring DispatcherServlet 'appServlet'
25-Jul-2024 11:55:30.841 INFO [Thread-1] org.apache.catalina.core.ApplicationContext.log Destroying Spring FrameworkServlet 'appServlet'
25-Jul-2024 11:55:30.844 INFO [Thread-1] org.apache.catalina.core.ApplicationContext.log Closing Spring root WebApplicationContext
25-Jul-2024 11:55:34.707 INFO [main] org.apache.catalina.core.ApplicationContext.log No Spring WebApplicationInitializer types detected on classpath
25-Jul-2024 11:55:34.714 INFO [main] org.apache.catalina.core.ApplicationContext.log Initializing Spring root WebApplicationContext
25-Jul-2024 11:55:38.641 INFO [http-nio-8090-exec-2] org.apache.catalina.core.ApplicationContext.log Initializing Spring DispatcherServlet 'appServlet'
25-Jul-2024 11:55:52.517 INFO [Thread-1] org.apache.catalina.core.ApplicationContext.log Destroying Spring FrameworkServlet 'appServlet'
25-Jul-2024 11:55:52.519 INFO [Thread-1] org.apache.catalina.core.ApplicationContext.log Closing Spring root WebApplicationContext
25-Jul-2024 11:55:56.138 INFO [main] org.apache.catalina.core.ApplicationContext.log No Spring WebApplicationInitializer types detected on classpath
25-Jul-2024 11:55:56.144 INFO [main] org.apache.catalina.core.ApplicationContext.log Initializing Spring root WebApplicationContext
25-Jul-2024 11:56:00.415 INFO [http-nio-8090-exec-2] org.apache.catalina.core.ApplicationContext.log Initializing Spring DispatcherServlet 'appServlet'
25-Jul-2024 11:57:28.460 INFO [Thread-1] org.apache.catalina.core.ApplicationContext.log Destroying Spring FrameworkServlet 'appServlet'
25-Jul-2024 11:57:28.462 INFO [Thread-1] org.apache.catalina.core.ApplicationContext.log Closing Spring root WebApplicationContext
25-Jul-2024 11:57:32.260 INFO [main] org.apache.catalina.core.ApplicationContext.log No Spring WebApplicationInitializer types detected on classpath
25-Jul-2024 11:57:32.267 INFO [main] org.apache.catalina.core.ApplicationContext.log Initializing Spring root WebApplicationContext
25-Jul-2024 11:57:38.613 INFO [http-nio-8090-exec-2] org.apache.catalina.core.ApplicationContext.log Initializing Spring DispatcherServlet 'appServlet'
25-Jul-2024 11:57:57.552 INFO [Thread-1] org.apache.catalina.core.ApplicationContext.log Destroying Spring FrameworkServlet 'appServlet'
25-Jul-2024 11:57:57.554 INFO [Thread-1] org.apache.catalina.core.ApplicationContext.log Closing Spring root WebApplicationContext
25-Jul-2024 11:58:01.115 INFO [main] org.apache.catalina.core.ApplicationContext.log No Spring WebApplicationInitializer types detected on classpath
25-Jul-2024 11:58:01.122 INFO [main] org.apache.catalina.core.ApplicationContext.log Initializing Spring root WebApplicationContext
25-Jul-2024 11:58:05.314 INFO [http-nio-8090-exec-2] org.apache.catalina.core.ApplicationContext.log Initializing Spring DispatcherServlet 'appServlet'
25-Jul-2024 11:58:29.272 INFO [Thread-1] org.apache.catalina.core.ApplicationContext.log Destroying Spring FrameworkServlet 'appServlet'
25-Jul-2024 11:58:29.275 INFO [Thread-1] org.apache.catalina.core.ApplicationContext.log Closing Spring root WebApplicationContext
25-Jul-2024 11:58:33.001 INFO [main] org.apache.catalina.core.ApplicationContext.log No Spring WebApplicationInitializer types detected on classpath
25-Jul-2024 11:58:33.008 INFO [main] org.apache.catalina.core.ApplicationContext.log Initializing Spring root WebApplicationContext
25-Jul-2024 11:58:38.037 INFO [http-nio-8090-exec-2] org.apache.catalina.core.ApplicationContext.log Initializing Spring DispatcherServlet 'appServlet'
25-Jul-2024 11:59:05.621 INFO [Thread-1] org.apache.catalina.core.ApplicationContext.log Destroying Spring FrameworkServlet 'appServlet'
25-Jul-2024 11:59:05.623 INFO [Thread-1] org.apache.catalina.core.ApplicationContext.log Closing Spring root WebApplicationContext
25-Jul-2024 11:59:09.747 INFO [main] org.apache.catalina.core.ApplicationContext.log No Spring WebApplicationInitializer types detected on classpath
25-Jul-2024 11:59:09.753 INFO [main] org.apache.catalina.core.ApplicationContext.log Initializing Spring root WebApplicationContext
25-Jul-2024 11:59:14.322 INFO [http-nio-8090-exec-2] org.apache.catalina.core.ApplicationContext.log Initializing Spring DispatcherServlet 'appServlet'
25-Jul-2024 12:17:27.306 INFO [Thread-1] org.apache.catalina.core.ApplicationContext.log Destroying Spring FrameworkServlet 'appServlet'
25-Jul-2024 12:17:27.308 INFO [Thread-1] org.apache.catalina.core.ApplicationContext.log Closing Spring root WebApplicationContext
25-Jul-2024 12:17:31.467 INFO [main] org.apache.catalina.core.ApplicationContext.log No Spring WebApplicationInitializer types detected on classpath
25-Jul-2024 12:17:31.478 INFO [main] org.apache.catalina.core.ApplicationContext.log Initializing Spring root WebApplicationContext
25-Jul-2024 12:17:33.997 INFO [Thread-1] org.apache.catalina.core.ApplicationContext.log Closing Spring root WebApplicationContext
25-Jul-2024 12:17:38.017 INFO [main] org.apache.catalina.core.ApplicationContext.log No Spring WebApplicationInitializer types detected on classpath
25-Jul-2024 12:17:38.032 INFO [main] org.apache.catalina.core.ApplicationContext.log Initializing Spring root WebApplicationContext
25-Jul-2024 12:17:51.614 INFO [http-nio-8090-exec-2] org.apache.catalina.core.ApplicationContext.log Initializing Spring DispatcherServlet 'appServlet'
25-Jul-2024 12:37:31.348 INFO [Thread-1] org.apache.catalina.core.ApplicationContext.log Destroying Spring FrameworkServlet 'appServlet'
25-Jul-2024 12:37:31.351 INFO [Thread-1] org.apache.catalina.core.ApplicationContext.log Closing Spring root WebApplicationContext
25-Jul-2024 12:37:35.067 INFO [main] org.apache.catalina.core.ApplicationContext.log No Spring WebApplicationInitializer types detected on classpath
25-Jul-2024 12:37:35.073 INFO [main] org.apache.catalina.core.ApplicationContext.log Initializing Spring root WebApplicationContext
25-Jul-2024 12:37:58.516 INFO [Thread-1] org.apache.catalina.core.ApplicationContext.log Closing Spring root WebApplicationContext
25-Jul-2024 12:38:02.161 INFO [main] org.apache.catalina.core.ApplicationContext.log No Spring WebApplicationInitializer types detected on classpath
25-Jul-2024 12:38:02.168 INFO [main] org.apache.catalina.core.ApplicationContext.log Initializing Spring root WebApplicationContext
25-Jul-2024 12:38:08.979 INFO [http-nio-8090-exec-2] org.apache.catalina.core.ApplicationContext.log Initializing Spring DispatcherServlet 'appServlet'
25-Jul-2024 12:39:31.526 INFO [Thread-1] org.apache.catalina.core.ApplicationContext.log Destroying Spring FrameworkServlet 'appServlet'
25-Jul-2024 12:39:31.528 INFO [Thread-1] org.apache.catalina.core.ApplicationContext.log Closing Spring root WebApplicationContext
25-Jul-2024 12:39:35.384 INFO [main] org.apache.catalina.core.ApplicationContext.log No Spring WebApplicationInitializer types detected on classpath
25-Jul-2024 12:39:35.390 INFO [main] org.apache.catalina.core.ApplicationContext.log Initializing Spring root WebApplicationContext
25-Jul-2024 12:39:39.675 INFO [http-nio-8090-exec-1] org.apache.catalina.core.ApplicationContext.log Initializing Spring DispatcherServlet 'appServlet'
25-Jul-2024 12:42:31.414 INFO [Thread-1] org.apache.catalina.core.ApplicationContext.log Destroying Spring FrameworkServlet 'appServlet'
25-Jul-2024 12:42:31.416 INFO [Thread-1] org.apache.catalina.core.ApplicationContext.log Closing Spring root WebApplicationContext
25-Jul-2024 12:42:35.090 INFO [main] org.apache.catalina.core.ApplicationContext.log No Spring WebApplicationInitializer types detected on classpath
25-Jul-2024 12:42:35.097 INFO [main] org.apache.catalina.core.ApplicationContext.log Initializing Spring root WebApplicationContext
25-Jul-2024 12:42:40.587 INFO [http-nio-8090-exec-7] org.apache.catalina.core.ApplicationContext.log Initializing Spring DispatcherServlet 'appServlet'
25-Jul-2024 12:52:22.193 INFO [Thread-1] org.apache.catalina.core.ApplicationContext.log Destroying Spring FrameworkServlet 'appServlet'
25-Jul-2024 12:52:22.195 INFO [Thread-1] org.apache.catalina.core.ApplicationContext.log Closing Spring root WebApplicationContext
25-Jul-2024 12:52:25.972 INFO [main] org.apache.catalina.core.ApplicationContext.log No Spring WebApplicationInitializer types detected on classpath
25-Jul-2024 12:52:25.981 INFO [main] org.apache.catalina.core.ApplicationContext.log Initializing Spring root WebApplicationContext
25-Jul-2024 12:52:42.229 INFO [http-nio-8090-exec-6] org.apache.catalina.core.ApplicationContext.log Initializing Spring DispatcherServlet 'appServlet'
25-Jul-2024 12:54:19.561 INFO [Thread-1] org.apache.catalina.core.ApplicationContext.log Destroying Spring FrameworkServlet 'appServlet'
25-Jul-2024 12:54:19.564 INFO [Thread-1] org.apache.catalina.core.ApplicationContext.log Closing Spring root WebApplicationContext
25-Jul-2024 12:54:23.372 INFO [main] org.apache.catalina.core.ApplicationContext.log No Spring WebApplicationInitializer types detected on classpath
25-Jul-2024 12:54:23.380 INFO [main] org.apache.catalina.core.ApplicationContext.log Initializing Spring root WebApplicationContext
25-Jul-2024 12:54:38.844 INFO [http-nio-8090-exec-3] org.apache.catalina.core.ApplicationContext.log Initializing Spring DispatcherServlet 'appServlet'
25-Jul-2024 12:55:30.737 INFO [Thread-1] org.apache.catalina.core.ApplicationContext.log Destroying Spring FrameworkServlet 'appServlet'
25-Jul-2024 12:55:30.739 INFO [Thread-1] org.apache.catalina.core.ApplicationContext.log Closing Spring root WebApplicationContext
25-Jul-2024 12:55:34.878 INFO [main] org.apache.catalina.core.ApplicationContext.log No Spring WebApplicationInitializer types detected on classpath
25-Jul-2024 12:55:34.885 INFO [main] org.apache.catalina.core.ApplicationContext.log Initializing Spring root WebApplicationContext
25-Jul-2024 12:55:39.044 INFO [http-nio-8090-exec-2] org.apache.catalina.core.ApplicationContext.log Initializing Spring DispatcherServlet 'appServlet'
25-Jul-2024 12:58:57.649 INFO [Thread-1] org.apache.catalina.core.ApplicationContext.log Destroying Spring FrameworkServlet 'appServlet'
25-Jul-2024 12:58:57.651 INFO [Thread-1] org.apache.catalina.core.ApplicationContext.log Closing Spring root WebApplicationContext
25-Jul-2024 12:59:01.325 INFO [main] org.apache.catalina.core.ApplicationContext.log No Spring WebApplicationInitializer types detected on classpath
25-Jul-2024 12:59:01.331 INFO [main] org.apache.catalina.core.ApplicationContext.log Initializing Spring root WebApplicationContext
25-Jul-2024 12:59:05.546 INFO [http-nio-8090-exec-2] org.apache.catalina.core.ApplicationContext.log Initializing Spring DispatcherServlet 'appServlet'
25-Jul-2024 12:59:30.359 INFO [Thread-1] org.apache.catalina.core.ApplicationContext.log Destroying Spring FrameworkServlet 'appServlet'
25-Jul-2024 12:59:30.361 INFO [Thread-1] org.apache.catalina.core.ApplicationContext.log Closing Spring root WebApplicationContext
25-Jul-2024 12:59:34.084 INFO [main] org.apache.catalina.core.ApplicationContext.log No Spring WebApplicationInitializer types detected on classpath
25-Jul-2024 12:59:34.090 INFO [main] org.apache.catalina.core.ApplicationContext.log Initializing Spring root WebApplicationContext
25-Jul-2024 12:59:39.097 INFO [http-nio-8090-exec-2] org.apache.catalina.core.ApplicationContext.log Initializing Spring DispatcherServlet 'appServlet'
25-Jul-2024 13:07:07.531 INFO [Thread-1] org.apache.catalina.core.ApplicationContext.log Destroying Spring FrameworkServlet 'appServlet'
25-Jul-2024 13:07:07.533 INFO [Thread-1] org.apache.catalina.core.ApplicationContext.log Closing Spring root WebApplicationContext
25-Jul-2024 13:07:11.364 INFO [main] org.apache.catalina.core.ApplicationContext.log No Spring WebApplicationInitializer types detected on classpath
25-Jul-2024 13:07:11.370 INFO [main] org.apache.catalina.core.ApplicationContext.log Initializing Spring root WebApplicationContext
25-Jul-2024 13:07:16.483 INFO [http-nio-8090-exec-3] org.apache.catalina.core.ApplicationContext.log Initializing Spring DispatcherServlet 'appServlet'
25-Jul-2024 13:09:27.872 INFO [Thread-1] org.apache.catalina.core.ApplicationContext.log Destroying Spring FrameworkServlet 'appServlet'
25-Jul-2024 13:09:27.875 INFO [Thread-1] org.apache.catalina.core.ApplicationContext.log Closing Spring root WebApplicationContext
25-Jul-2024 13:09:31.583 INFO [main] org.apache.catalina.core.ApplicationContext.log No Spring WebApplicationInitializer types detected on classpath
25-Jul-2024 13:09:31.593 INFO [main] org.apache.catalina.core.ApplicationContext.log Initializing Spring root WebApplicationContext
25-Jul-2024 13:09:35.985 INFO [http-nio-8090-exec-4] org.apache.catalina.core.ApplicationContext.log Initializing Spring DispatcherServlet 'appServlet'
25-Jul-2024 13:10:12.849 INFO [Thread-1] org.apache.catalina.core.ApplicationContext.log Destroying Spring FrameworkServlet 'appServlet'
25-Jul-2024 13:10:12.850 INFO [Thread-1] org.apache.catalina.core.ApplicationContext.log Closing Spring root WebApplicationContext
25-Jul-2024 13:10:16.611 INFO [main] org.apache.catalina.core.ApplicationContext.log No Spring WebApplicationInitializer types detected on classpath
25-Jul-2024 13:10:16.617 INFO [main] org.apache.catalina.core.ApplicationContext.log Initializing Spring root WebApplicationContext
25-Jul-2024 13:10:20.676 INFO [http-nio-8090-exec-3] org.apache.catalina.core.ApplicationContext.log Initializing Spring DispatcherServlet 'appServlet'
25-Jul-2024 14:24:01.651 INFO [Thread-1] org.apache.catalina.core.ApplicationContext.log Destroying Spring FrameworkServlet 'appServlet'
25-Jul-2024 14:24:01.653 INFO [Thread-1] org.apache.catalina.core.ApplicationContext.log Closing Spring root WebApplicationContext
25-Jul-2024 14:24:07.918 INFO [main] org.apache.catalina.core.ApplicationContext.log No Spring WebApplicationInitializer types detected on classpath
25-Jul-2024 14:24:07.923 INFO [main] org.apache.catalina.core.ApplicationContext.log Initializing Spring root WebApplicationContext
25-Jul-2024 14:24:14.614 INFO [http-nio-8090-exec-5] org.apache.catalina.core.ApplicationContext.log Initializing Spring DispatcherServlet 'appServlet'
25-Jul-2024 14:25:43.765 INFO [Thread-1] org.apache.catalina.core.ApplicationContext.log Destroying Spring FrameworkServlet 'appServlet'
25-Jul-2024 14:25:43.767 INFO [Thread-1] org.apache.catalina.core.ApplicationContext.log Closing Spring root WebApplicationContext
25-Jul-2024 14:25:47.591 INFO [main] org.apache.catalina.core.ApplicationContext.log No Spring WebApplicationInitializer types detected on classpath
25-Jul-2024 14:25:47.599 INFO [main] org.apache.catalina.core.ApplicationContext.log Initializing Spring root WebApplicationContext
25-Jul-2024 14:25:51.200 INFO [http-nio-8090-exec-3] org.apache.catalina.core.ApplicationContext.log Initializing Spring DispatcherServlet 'appServlet'
25-Jul-2024 14:27:09.050 INFO [Thread-1] org.apache.catalina.core.ApplicationContext.log Destroying Spring FrameworkServlet 'appServlet'
25-Jul-2024 14:27:09.053 INFO [Thread-1] org.apache.catalina.core.ApplicationContext.log Closing Spring root WebApplicationContext
25-Jul-2024 14:27:12.876 INFO [main] org.apache.catalina.core.ApplicationContext.log No Spring WebApplicationInitializer types detected on classpath
25-Jul-2024 14:27:12.883 INFO [main] org.apache.catalina.core.ApplicationContext.log Initializing Spring root WebApplicationContext
25-Jul-2024 14:27:16.856 INFO [http-nio-8090-exec-3] org.apache.catalina.core.ApplicationContext.log Initializing Spring DispatcherServlet 'appServlet'
25-Jul-2024 14:55:18.970 INFO [Thread-1] org.apache.catalina.core.ApplicationContext.log Destroying Spring FrameworkServlet 'appServlet'
25-Jul-2024 14:55:18.973 INFO [Thread-1] org.apache.catalina.core.ApplicationContext.log Closing Spring root WebApplicationContext
25-Jul-2024 14:55:22.959 INFO [main] org.apache.catalina.core.ApplicationContext.log No Spring WebApplicationInitializer types detected on classpath
25-Jul-2024 14:55:22.966 INFO [main] org.apache.catalina.core.ApplicationContext.log Initializing Spring root WebApplicationContext
25-Jul-2024 14:56:41.644 INFO [http-nio-8090-exec-4] org.apache.catalina.core.ApplicationContext.log Initializing Spring DispatcherServlet 'appServlet'
25-Jul-2024 15:26:09.465 INFO [Thread-1] org.apache.catalina.core.ApplicationContext.log Destroying Spring FrameworkServlet 'appServlet'
25-Jul-2024 15:26:09.468 INFO [Thread-1] org.apache.catalina.core.ApplicationContext.log Closing Spring root WebApplicationContext
25-Jul-2024 17:02:30.813 INFO [main] org.apache.catalina.core.ApplicationContext.log No Spring WebApplicationInitializer types detected on classpath
25-Jul-2024 17:02:30.819 INFO [main] org.apache.catalina.core.ApplicationContext.log Initializing Spring root WebApplicationContext
25-Jul-2024 17:02:36.090 INFO [http-nio-8090-exec-2] org.apache.catalina.core.ApplicationContext.log Initializing Spring DispatcherServlet 'appServlet'
25-Jul-2024 17:48:44.356 SEVERE [http-nio-8090-exec-3] org.apache.catalina.core.StandardWrapperValve.invoke  []    [appServlet]()  Servlet.service() ,  (root cause) ,  [Request processing failed: org.springframework.beans.factory.NoSuchBeanDefinitionException: No bean named 'BoardServiceImpl' available]() .
	org.springframework.beans.factory.NoSuchBeanDefinitionException: No bean named 'BoardServiceImpl' available
		at org.springframework.beans.factory.support.DefaultListableBeanFactory.getBeanDefinition(DefaultListableBeanFactory.java:893)
		at org.springframework.beans.factory.support.AbstractBeanFactory.getMergedLocalBeanDefinition(AbstractBeanFactory.java:1317)
		at org.springframework.beans.factory.support.AbstractBeanFactory.doGetBean(AbstractBeanFactory.java:300)
		at org.springframework.beans.factory.support.AbstractBeanFactory.doGetBean(AbstractBeanFactory.java:275)
		at org.springframework.beans.factory.support.AbstractBeanFactory.getBean(AbstractBeanFactory.java:205)
		at org.springframework.context.support.AbstractApplicationContext.getBean(AbstractApplicationContext.java:1174)
		at com.bit.springboard.controller.BoardController.boardList(BoardController.java:27)
		at java.base/jdk.internal.reflect.NativeMethodAccessorImpl.invoke0(Native Method)
		at java.base/jdk.internal.reflect.NativeMethodAccessorImpl.invoke(NativeMethodAccessorImpl.java:77)
		at java.base/jdk.internal.reflect.DelegatingMethodAccessorImpl.invoke(DelegatingMethodAccessorImpl.java:43)
		at java.base/java.lang.reflect.Method.invoke(Method.java:568)
		at org.springframework.web.method.support.InvocableHandlerMethod.doInvoke(InvocableHandlerMethod.java:205)
		at org.springframework.web.method.support.InvocableHandlerMethod.invokeForRequest(InvocableHandlerMethod.java:150)
		at org.springframework.web.servlet.mvc.method.annotation.ServletInvocableHandlerMethod.invokeAndHandle(ServletInvocableHandlerMethod.java:118)
		at org.springframework.web.servlet.mvc.method.annotation.RequestMappingHandlerAdapter.invokeHandlerMethod(RequestMappingHandlerAdapter.java:892)
		at org.springframework.web.servlet.mvc.method.annotation.RequestMappingHandlerAdapter.handleInternal(RequestMappingHandlerAdapter.java:798)
		at org.springframework.web.servlet.mvc.method.AbstractHandlerMethodAdapter.handle(AbstractHandlerMethodAdapter.java:87)
		at org.springframework.web.servlet.DispatcherServlet.doDispatch(DispatcherServlet.java:1081)
		at org.springframework.web.servlet.DispatcherServlet.doService(DispatcherServlet.java:974)
		at org.springframework.web.servlet.FrameworkServlet.processRequest(FrameworkServlet.java:1014)
		at org.springframework.web.servlet.FrameworkServlet.doGet(FrameworkServlet.java:903)
		at jakarta.servlet.http.HttpServlet.service(HttpServlet.java:564)
		at org.springframework.web.servlet.FrameworkServlet.service(FrameworkServlet.java:885)
		at jakarta.servlet.http.HttpServlet.service(HttpServlet.java:658)
		at org.apache.catalina.core.ApplicationFilterChain.internalDoFilter(ApplicationFilterChain.java:195)
		at org.apache.catalina.core.ApplicationFilterChain.doFilter(ApplicationFilterChain.java:140)
		at org.apache.tomcat.websocket.server.WsFilter.doFilter(WsFilter.java:51)
		at org.apache.catalina.core.ApplicationFilterChain.internalDoFilter(ApplicationFilterChain.java:164)
		at org.apache.catalina.core.ApplicationFilterChain.doFilter(ApplicationFilterChain.java:140)
		at org.springframework.web.filter.CharacterEncodingFilter.doFilterInternal(CharacterEncodingFilter.java:201)
		at org.springframework.web.filter.OncePerRequestFilter.doFilter(OncePerRequestFilter.java:116)
		at org.apache.catalina.core.ApplicationFilterChain.internalDoFilter(ApplicationFilterChain.java:164)
		at org.apache.catalina.core.ApplicationFilterChain.doFilter(ApplicationFilterChain.java:140)
		at org.apache.catalina.core.StandardWrapperValve.invoke(StandardWrapperValve.java:167)
		at org.apache.catalina.core.StandardContextValve.invoke(StandardContextValve.java:90)
		at org.apache.catalina.authenticator.AuthenticatorBase.invoke(AuthenticatorBase.java:482)
		at org.apache.catalina.core.StandardHostValve.invoke(StandardHostValve.java:115)
		at org.apache.catalina.valves.ErrorReportValve.invoke(ErrorReportValve.java:93)
		at org.apache.catalina.valves.AbstractAccessLogValve.invoke(AbstractAccessLogValve.java:663)
		at org.apache.catalina.core.StandardEngineValve.invoke(StandardEngineValve.java:74)
		at org.apache.catalina.connector.CoyoteAdapter.service(CoyoteAdapter.java:344)
		at org.apache.coyote.http11.Http11Processor.service(Http11Processor.java:389)
		at org.apache.coyote.AbstractProcessorLight.process(AbstractProcessorLight.java:63)
		at org.apache.coyote.AbstractProtocol$ConnectionHandler.process(AbstractProtocol.java:904)
		at org.apache.tomcat.util.net.NioEndpoint$SocketProcessor.doRun(NioEndpoint.java:1741)
		at org.apache.tomcat.util.net.SocketProcessorBase.run(SocketProcessorBase.java:52)
		at org.apache.tomcat.util.threads.ThreadPoolExecutor.runWorker(ThreadPoolExecutor.java:1190)
		at org.apache.tomcat.util.threads.ThreadPoolExecutor$Worker.run(ThreadPoolExecutor.java:659)
		at org.apache.tomcat.util.threads.TaskThread$WrappingRunnable.run(TaskThread.java:63)
		at java.base/java.lang.Thread.run(Thread.java:842)
25-Jul-2024 17:48:56.999 SEVERE [http-nio-8090-exec-7] org.apache.catalina.core.StandardWrapperValve.invoke  []    [appServlet]()  Servlet.service() ,  (root cause) ,  [Request processing failed: org.springframework.beans.factory.NoSuchBeanDefinitionException: No bean named 'BoardServiceImpl' available]() .
	org.springframework.beans.factory.NoSuchBeanDefinitionException: No bean named 'BoardServiceImpl' available
		at org.springframework.beans.factory.support.DefaultListableBeanFactory.getBeanDefinition(DefaultListableBeanFactory.java:893)
		at org.springframework.beans.factory.support.AbstractBeanFactory.getMergedLocalBeanDefinition(AbstractBeanFactory.java:1317)
		at org.springframework.beans.factory.support.AbstractBeanFactory.doGetBean(AbstractBeanFactory.java:300)
		at org.springframework.beans.factory.support.AbstractBeanFactory.doGetBean(AbstractBeanFactory.java:275)
		at org.springframework.beans.factory.support.AbstractBeanFactory.getBean(AbstractBeanFactory.java:205)
		at org.springframework.context.support.AbstractApplicationContext.getBean(AbstractApplicationContext.java:1174)
		at com.bit.springboard.controller.BoardController.boardList(BoardController.java:27)
		at java.base/jdk.internal.reflect.NativeMethodAccessorImpl.invoke0(Native Method)
		at java.base/jdk.internal.reflect.NativeMethodAccessorImpl.invoke(NativeMethodAccessorImpl.java:77)
		at java.base/jdk.internal.reflect.DelegatingMethodAccessorImpl.invoke(DelegatingMethodAccessorImpl.java:43)
		at java.base/java.lang.reflect.Method.invoke(Method.java:568)
		at org.springframework.web.method.support.InvocableHandlerMethod.doInvoke(InvocableHandlerMethod.java:205)
		at org.springframework.web.method.support.InvocableHandlerMethod.invokeForRequest(InvocableHandlerMethod.java:150)
		at org.springframework.web.servlet.mvc.method.annotation.ServletInvocableHandlerMethod.invokeAndHandle(ServletInvocableHandlerMethod.java:118)
		at org.springframework.web.servlet.mvc.method.annotation.RequestMappingHandlerAdapter.invokeHandlerMethod(RequestMappingHandlerAdapter.java:892)
		at org.springframework.web.servlet.mvc.method.annotation.RequestMappingHandlerAdapter.handleInternal(RequestMappingHandlerAdapter.java:798)
		at org.springframework.web.servlet.mvc.method.AbstractHandlerMethodAdapter.handle(AbstractHandlerMethodAdapter.java:87)
		at org.springframework.web.servlet.DispatcherServlet.doDispatch(DispatcherServlet.java:1081)
		at org.springframework.web.servlet.DispatcherServlet.doService(DispatcherServlet.java:974)
		at org.springframework.web.servlet.FrameworkServlet.processRequest(FrameworkServlet.java:1014)
		at org.springframework.web.servlet.FrameworkServlet.doGet(FrameworkServlet.java:903)
		at jakarta.servlet.http.HttpServlet.service(HttpServlet.java:564)
		at org.springframework.web.servlet.FrameworkServlet.service(FrameworkServlet.java:885)
		at jakarta.servlet.http.HttpServlet.service(HttpServlet.java:658)
		at org.apache.catalina.core.ApplicationFilterChain.internalDoFilter(ApplicationFilterChain.java:195)
		at org.apache.catalina.core.ApplicationFilterChain.doFilter(ApplicationFilterChain.java:140)
		at org.apache.tomcat.websocket.server.WsFilter.doFilter(WsFilter.java:51)
		at org.apache.catalina.core.ApplicationFilterChain.internalDoFilter(ApplicationFilterChain.java:164)
		at org.apache.catalina.core.ApplicationFilterChain.doFilter(ApplicationFilterChain.java:140)
		at org.springframework.web.filter.CharacterEncodingFilter.doFilterInternal(CharacterEncodingFilter.java:201)
		at org.springframework.web.filter.OncePerRequestFilter.doFilter(OncePerRequestFilter.java:116)
		at org.apache.catalina.core.ApplicationFilterChain.internalDoFilter(ApplicationFilterChain.java:164)
		at org.apache.catalina.core.ApplicationFilterChain.doFilter(ApplicationFilterChain.java:140)
		at org.apache.catalina.core.StandardWrapperValve.invoke(StandardWrapperValve.java:167)
		at org.apache.catalina.core.StandardContextValve.invoke(StandardContextValve.java:90)
		at org.apache.catalina.authenticator.AuthenticatorBase.invoke(AuthenticatorBase.java:482)
		at org.apache.catalina.core.StandardHostValve.invoke(StandardHostValve.java:115)
		at org.apache.catalina.valves.ErrorReportValve.invoke(ErrorReportValve.java:93)
		at org.apache.catalina.valves.AbstractAccessLogValve.invoke(AbstractAccessLogValve.java:663)
		at org.apache.catalina.core.StandardEngineValve.invoke(StandardEngineValve.java:74)
		at org.apache.catalina.connector.CoyoteAdapter.service(CoyoteAdapter.java:344)
		at org.apache.coyote.http11.Http11Processor.service(Http11Processor.java:389)
		at org.apache.coyote.AbstractProcessorLight.process(AbstractProcessorLight.java:63)
		at org.apache.coyote.AbstractProtocol$ConnectionHandler.process(AbstractProtocol.java:904)
		at org.apache.tomcat.util.net.NioEndpoint$SocketProcessor.doRun(NioEndpoint.java:1741)
		at org.apache.tomcat.util.net.SocketProcessorBase.run(SocketProcessorBase.java:52)
		at org.apache.tomcat.util.threads.ThreadPoolExecutor.runWorker(ThreadPoolExecutor.java:1190)
		at org.apache.tomcat.util.threads.ThreadPoolExecutor$Worker.run(ThreadPoolExecutor.java:659)
		at org.apache.tomcat.util.threads.TaskThread$WrappingRunnable.run(TaskThread.java:63)
		at java.base/java.lang.Thread.run(Thread.java:842)
25-Jul-2024 18:10:58.614 INFO [Thread-1] org.apache.catalina.core.ApplicationContext.log Destroying Spring FrameworkServlet 'appServlet'
25-Jul-2024 18:10:58.616 INFO [Thread-1] org.apache.catalina.core.ApplicationContext.log Closing Spring root WebApplicationContext
